06-Jun-2019 10:39:50.430 INFORMAÇÕES [main] org.apache.catalina.startup.VersionLoggerListener.log Server version name:   Apache Tomcat/9.0.20
06-Jun-2019 10:39:50.434 INFORMAÇÕES [main] org.apache.catalina.startup.VersionLoggerListener.log Server built:          May 3 2019 22:26:00 UTC
06-Jun-2019 10:39:50.434 INFORMAÇÕES [main] org.apache.catalina.startup.VersionLoggerListener.log Server version number: 9.0.20.0
06-Jun-2019 10:39:50.434 INFORMAÇÕES [main] org.apache.catalina.startup.VersionLoggerListener.log OS Name:               Linux
06-Jun-2019 10:39:50.434 INFORMAÇÕES [main] org.apache.catalina.startup.VersionLoggerListener.log OS Version:            4.18.0-20-generic
06-Jun-2019 10:39:50.435 INFORMAÇÕES [main] org.apache.catalina.startup.VersionLoggerListener.log Architecture:          amd64
06-Jun-2019 10:39:50.435 INFORMAÇÕES [main] org.apache.catalina.startup.VersionLoggerListener.log Java Home:             /home/marcelo/jdk1.8.0_111/jre
06-Jun-2019 10:39:50.435 INFORMAÇÕES [main] org.apache.catalina.startup.VersionLoggerListener.log JVM Version:           1.8.0_111-b14
06-Jun-2019 10:39:50.435 INFORMAÇÕES [main] org.apache.catalina.startup.VersionLoggerListener.log JVM Vendor:            Oracle Corporation
06-Jun-2019 10:39:50.435 INFORMAÇÕES [main] org.apache.catalina.startup.VersionLoggerListener.log CATALINA_BASE:         /home/marcelo/Área de Trabalho/PauloRicardoGP/apache-tomcat-9.0.20
06-Jun-2019 10:39:50.435 INFORMAÇÕES [main] org.apache.catalina.startup.VersionLoggerListener.log CATALINA_HOME:         /home/marcelo/Área de Trabalho/PauloRicardoGP/apache-tomcat-9.0.20
06-Jun-2019 10:39:50.448 INFORMAÇÕES [main] org.apache.catalina.startup.VersionLoggerListener.log Command line argument: -Djava.util.logging.config.file=/home/marcelo/Área de Trabalho/PauloRicardoGP/apache-tomcat-9.0.20/conf/logging.properties
06-Jun-2019 10:39:50.449 INFORMAÇÕES [main] org.apache.catalina.startup.VersionLoggerListener.log Command line argument: -Djava.util.logging.manager=org.apache.juli.ClassLoaderLogManager
06-Jun-2019 10:39:50.449 INFORMAÇÕES [main] org.apache.catalina.startup.VersionLoggerListener.log Command line argument: -Dhttp.nonProxyHosts=localhost|127.0.0.1|marcelo
06-Jun-2019 10:39:50.450 INFORMAÇÕES [main] org.apache.catalina.startup.VersionLoggerListener.log Command line argument: -Djdk.tls.ephemeralDHKeySize=2048
06-Jun-2019 10:39:50.450 INFORMAÇÕES [main] org.apache.catalina.startup.VersionLoggerListener.log Command line argument: -Djava.protocol.handler.pkgs=org.apache.catalina.webresources
06-Jun-2019 10:39:50.450 INFORMAÇÕES [main] org.apache.catalina.startup.VersionLoggerListener.log Command line argument: -Dorg.apache.catalina.security.SecurityListener.UMASK=0027
06-Jun-2019 10:39:50.451 INFORMAÇÕES [main] org.apache.catalina.startup.VersionLoggerListener.log Command line argument: -Dignore.endorsed.dirs=
06-Jun-2019 10:39:50.451 INFORMAÇÕES [main] org.apache.catalina.startup.VersionLoggerListener.log Command line argument: -Dcatalina.base=/home/marcelo/Área de Trabalho/PauloRicardoGP/apache-tomcat-9.0.20
06-Jun-2019 10:39:50.452 INFORMAÇÕES [main] org.apache.catalina.startup.VersionLoggerListener.log Command line argument: -Dcatalina.home=/home/marcelo/Área de Trabalho/PauloRicardoGP/apache-tomcat-9.0.20
06-Jun-2019 10:39:50.452 INFORMAÇÕES [main] org.apache.catalina.startup.VersionLoggerListener.log Command line argument: -Djava.io.tmpdir=/home/marcelo/Área de Trabalho/PauloRicardoGP/apache-tomcat-9.0.20/temp
06-Jun-2019 10:39:50.453 INFORMAÇÕES [main] org.apache.catalina.core.AprLifecycleListener.lifecycleEvent The APR based Apache Tomcat Native library which allows optimal performance in production environments was not found on the java.library.path: [/home/marcelo/jdk1.8.0_111/jre/lib/amd64:/home/marcelo/jdk1.8.0_111/jre/lib/i386::/usr/java/packages/lib/amd64:/usr/lib64:/lib64:/lib:/usr/lib]
06-Jun-2019 10:39:50.987 INFORMAÇÕES [main] org.apache.coyote.AbstractProtocol.init Initializing ProtocolHandler ["http-nio-8080"]
06-Jun-2019 10:39:51.063 INFORMAÇÕES [main] org.apache.coyote.AbstractProtocol.init Initializing ProtocolHandler ["ajp-nio-8009"]
06-Jun-2019 10:39:51.072 INFORMAÇÕES [main] org.apache.catalina.startup.Catalina.load Server initialization in [1.072] milliseconds
06-Jun-2019 10:39:51.172 INFORMAÇÕES [main] org.apache.catalina.core.StandardService.startInternal Starting service [Catalina]
06-Jun-2019 10:39:51.172 INFORMAÇÕES [main] org.apache.catalina.core.StandardEngine.startInternal Starting Servlet engine: [Apache Tomcat/9.0.20]
06-Jun-2019 10:39:51.183 INFORMAÇÕES [main] org.apache.catalina.startup.HostConfig.deployDirectory Diretório de instalação da aplicação web [/home/marcelo/Área de Trabalho/PauloRicardoGP/apache-tomcat-9.0.20/webapps/host-manager]
06-Jun-2019 10:39:51.633 INFORMAÇÕES [main] org.apache.catalina.startup.HostConfig.deployDirectory Deployment of web application directory [/home/marcelo/Área de Trabalho/PauloRicardoGP/apache-tomcat-9.0.20/webapps/host-manager] has finished in [451] ms
06-Jun-2019 10:39:51.634 INFORMAÇÕES [main] org.apache.catalina.startup.HostConfig.deployDirectory Diretório de instalação da aplicação web [/home/marcelo/Área de Trabalho/PauloRicardoGP/apache-tomcat-9.0.20/webapps/manager]
06-Jun-2019 10:39:51.692 INFORMAÇÕES [main] org.apache.catalina.startup.HostConfig.deployDirectory Deployment of web application directory [/home/marcelo/Área de Trabalho/PauloRicardoGP/apache-tomcat-9.0.20/webapps/manager] has finished in [58] ms
06-Jun-2019 10:39:51.692 INFORMAÇÕES [main] org.apache.catalina.startup.HostConfig.deployDirectory Diretório de instalação da aplicação web [/home/marcelo/Área de Trabalho/PauloRicardoGP/apache-tomcat-9.0.20/webapps/examples]
06-Jun-2019 10:39:52.249 INFORMAÇÕES [main] org.apache.catalina.startup.HostConfig.deployDirectory Deployment of web application directory [/home/marcelo/Área de Trabalho/PauloRicardoGP/apache-tomcat-9.0.20/webapps/examples] has finished in [556] ms
06-Jun-2019 10:39:52.249 INFORMAÇÕES [main] org.apache.catalina.startup.HostConfig.deployDirectory Diretório de instalação da aplicação web [/home/marcelo/Área de Trabalho/PauloRicardoGP/apache-tomcat-9.0.20/webapps/docs]
06-Jun-2019 10:39:52.323 INFORMAÇÕES [main] org.apache.catalina.startup.HostConfig.deployDirectory Deployment of web application directory [/home/marcelo/Área de Trabalho/PauloRicardoGP/apache-tomcat-9.0.20/webapps/docs] has finished in [73] ms
06-Jun-2019 10:39:52.323 INFORMAÇÕES [main] org.apache.catalina.startup.HostConfig.deployDirectory Diretório de instalação da aplicação web [/home/marcelo/Área de Trabalho/PauloRicardoGP/apache-tomcat-9.0.20/webapps/ROOT]
06-Jun-2019 10:39:52.371 INFORMAÇÕES [main] org.apache.catalina.startup.HostConfig.deployDirectory Deployment of web application directory [/home/marcelo/Área de Trabalho/PauloRicardoGP/apache-tomcat-9.0.20/webapps/ROOT] has finished in [47] ms
06-Jun-2019 10:39:52.384 INFORMAÇÕES [main] org.apache.coyote.AbstractProtocol.start Starting ProtocolHandler ["http-nio-8080"]
06-Jun-2019 10:39:52.413 INFORMAÇÕES [main] org.apache.coyote.AbstractProtocol.start Starting ProtocolHandler ["ajp-nio-8009"]
06-Jun-2019 10:39:52.513 INFORMAÇÕES [main] org.apache.catalina.startup.Catalina.start Server startup in [1.439] milliseconds
06-Jun-2019 10:39:59.639 INFORMAÇÕES [http-nio-8080-exec-10] org.apache.catalina.startup.HostConfig.deployDescriptor Deploying deployment descriptor [/home/marcelo/Área de Trabalho/PauloRicardoGP/apache-tomcat-9.0.20/conf/Catalina/localhost/WebApplication.xml]
06-Jun-2019 10:39:59.640 ADVERTÊNCIA [http-nio-8080-exec-10] org.apache.catalina.startup.HostConfig.deployDescriptor The path attribute with value [/WebApplication] in deployment descriptor [/home/marcelo/Área de Trabalho/PauloRicardoGP/apache-tomcat-9.0.20/conf/Catalina/localhost/WebApplication.xml] has been ignored
06-Jun-2019 10:39:59.698 INFORMAÇÕES [http-nio-8080-exec-10] org.apache.catalina.startup.HostConfig.deployDescriptor Deployment of deployment descriptor [/home/marcelo/Área de Trabalho/PauloRicardoGP/apache-tomcat-9.0.20/conf/Catalina/localhost/WebApplication.xml] has finished in [60] ms
06-Jun-2019 10:39:59.707 INFORMAÇÕES [http-nio-8080-exec-10] org.apache.catalina.util.LifecycleBase.start The start() method was called on component [StandardEngine[Catalina].StandardHost[localhost].StandardContext[/WebApplication]] after start() had already been called. The second call will be ignored.
06-Jun-2019 10:40:29.141 INFORMAÇÕES [http-nio-8080-exec-6] org.apache.catalina.startup.HostConfig.undeploy Undeploying context [/WebApplication]
06-Jun-2019 10:40:34.277 INFORMAÇÕES [http-nio-8080-exec-9] org.apache.catalina.startup.HostConfig.deployDescriptor Deploying deployment descriptor [/home/marcelo/Área de Trabalho/PauloRicardoGP/apache-tomcat-9.0.20/conf/Catalina/localhost/WebApplication.xml]
06-Jun-2019 10:40:34.278 ADVERTÊNCIA [http-nio-8080-exec-9] org.apache.catalina.startup.HostConfig.deployDescriptor The path attribute with value [/WebApplication] in deployment descriptor [/home/marcelo/Área de Trabalho/PauloRicardoGP/apache-tomcat-9.0.20/conf/Catalina/localhost/WebApplication.xml] has been ignored
06-Jun-2019 10:40:34.318 INFORMAÇÕES [http-nio-8080-exec-9] org.apache.catalina.startup.HostConfig.deployDescriptor Deployment of deployment descriptor [/home/marcelo/Área de Trabalho/PauloRicardoGP/apache-tomcat-9.0.20/conf/Catalina/localhost/WebApplication.xml] has finished in [42] ms
06-Jun-2019 10:40:34.324 INFORMAÇÕES [http-nio-8080-exec-11] org.apache.catalina.util.LifecycleBase.start The start() method was called on component [StandardEngine[Catalina].StandardHost[localhost].StandardContext[/WebApplication]] after start() had already been called. The second call will be ignored.
06-Jun-2019 10:48:58.606 INFORMAÇÕES [main] org.apache.catalina.core.StandardServer.await A valid shutdown command was received via the shutdown port. Stopping the Server instance.
06-Jun-2019 10:48:58.607 INFORMAÇÕES [main] org.apache.coyote.AbstractProtocol.pause Pausing ProtocolHandler ["http-nio-8080"]
06-Jun-2019 10:48:58.616 INFORMAÇÕES [main] org.apache.coyote.AbstractProtocol.pause Pausing ProtocolHandler ["ajp-nio-8009"]
06-Jun-2019 10:48:58.622 INFORMAÇÕES [main] org.apache.catalina.core.StandardService.stopInternal Stopping service [Catalina]
06-Jun-2019 10:48:58.661 INFORMAÇÕES [main] org.apache.coyote.AbstractProtocol.stop Stopping ProtocolHandler ["http-nio-8080"]
06-Jun-2019 10:48:58.664 INFORMAÇÕES [main] org.apache.coyote.AbstractProtocol.stop Stopping ProtocolHandler ["ajp-nio-8009"]
06-Jun-2019 10:48:58.667 INFORMAÇÕES [main] org.apache.coyote.AbstractProtocol.destroy Destroying ProtocolHandler ["http-nio-8080"]
06-Jun-2019 10:48:58.669 INFORMAÇÕES [main] org.apache.coyote.AbstractProtocol.destroy Destroying ProtocolHandler ["ajp-nio-8009"]
06-Jun-2019 11:01:08.108 INFORMAÇÕES [main] org.apache.catalina.startup.VersionLoggerListener.log Server version name:   Apache Tomcat/9.0.20
06-Jun-2019 11:01:08.111 INFORMAÇÕES [main] org.apache.catalina.startup.VersionLoggerListener.log Server built:          May 3 2019 22:26:00 UTC
06-Jun-2019 11:01:08.111 INFORMAÇÕES [main] org.apache.catalina.startup.VersionLoggerListener.log Server version number: 9.0.20.0
06-Jun-2019 11:01:08.111 INFORMAÇÕES [main] org.apache.catalina.startup.VersionLoggerListener.log OS Name:               Linux
06-Jun-2019 11:01:08.112 INFORMAÇÕES [main] org.apache.catalina.startup.VersionLoggerListener.log OS Version:            4.18.0-20-generic
06-Jun-2019 11:01:08.112 INFORMAÇÕES [main] org.apache.catalina.startup.VersionLoggerListener.log Architecture:          amd64
06-Jun-2019 11:01:08.112 INFORMAÇÕES [main] org.apache.catalina.startup.VersionLoggerListener.log Java Home:             /home/marcelo/jdk1.8.0_111/jre
06-Jun-2019 11:01:08.112 INFORMAÇÕES [main] org.apache.catalina.startup.VersionLoggerListener.log JVM Version:           1.8.0_111-b14
06-Jun-2019 11:01:08.112 INFORMAÇÕES [main] org.apache.catalina.startup.VersionLoggerListener.log JVM Vendor:            Oracle Corporation
06-Jun-2019 11:01:08.112 INFORMAÇÕES [main] org.apache.catalina.startup.VersionLoggerListener.log CATALINA_BASE:         /home/marcelo/Área de Trabalho/PauloRicardoGP/apache-tomcat-9.0.20
06-Jun-2019 11:01:08.113 INFORMAÇÕES [main] org.apache.catalina.startup.VersionLoggerListener.log CATALINA_HOME:         /home/marcelo/Área de Trabalho/PauloRicardoGP/apache-tomcat-9.0.20
06-Jun-2019 11:01:08.114 INFORMAÇÕES [main] org.apache.catalina.startup.VersionLoggerListener.log Command line argument: -Djava.util.logging.config.file=/home/marcelo/Área de Trabalho/PauloRicardoGP/apache-tomcat-9.0.20/conf/logging.properties
06-Jun-2019 11:01:08.114 INFORMAÇÕES [main] org.apache.catalina.startup.VersionLoggerListener.log Command line argument: -Djava.util.logging.manager=org.apache.juli.ClassLoaderLogManager
06-Jun-2019 11:01:08.114 INFORMAÇÕES [main] org.apache.catalina.startup.VersionLoggerListener.log Command line argument: -Dhttp.nonProxyHosts=localhost|127.0.0.1|marcelo
06-Jun-2019 11:01:08.114 INFORMAÇÕES [main] org.apache.catalina.startup.VersionLoggerListener.log Command line argument: -Djdk.tls.ephemeralDHKeySize=2048
06-Jun-2019 11:01:08.115 INFORMAÇÕES [main] org.apache.catalina.startup.VersionLoggerListener.log Command line argument: -Djava.protocol.handler.pkgs=org.apache.catalina.webresources
06-Jun-2019 11:01:08.115 INFORMAÇÕES [main] org.apache.catalina.startup.VersionLoggerListener.log Command line argument: -Dorg.apache.catalina.security.SecurityListener.UMASK=0027
06-Jun-2019 11:01:08.115 INFORMAÇÕES [main] org.apache.catalina.startup.VersionLoggerListener.log Command line argument: -Dignore.endorsed.dirs=
06-Jun-2019 11:01:08.115 INFORMAÇÕES [main] org.apache.catalina.startup.VersionLoggerListener.log Command line argument: -Dcatalina.base=/home/marcelo/Área de Trabalho/PauloRicardoGP/apache-tomcat-9.0.20
06-Jun-2019 11:01:08.115 INFORMAÇÕES [main] org.apache.catalina.startup.VersionLoggerListener.log Command line argument: -Dcatalina.home=/home/marcelo/Área de Trabalho/PauloRicardoGP/apache-tomcat-9.0.20
06-Jun-2019 11:01:08.115 INFORMAÇÕES [main] org.apache.catalina.startup.VersionLoggerListener.log Command line argument: -Djava.io.tmpdir=/home/marcelo/Área de Trabalho/PauloRicardoGP/apache-tomcat-9.0.20/temp
06-Jun-2019 11:01:08.116 INFORMAÇÕES [main] org.apache.catalina.core.AprLifecycleListener.lifecycleEvent The APR based Apache Tomcat Native library which allows optimal performance in production environments was not found on the java.library.path: [/home/marcelo/jdk1.8.0_111/jre/lib/amd64:/home/marcelo/jdk1.8.0_111/jre/lib/i386::/usr/java/packages/lib/amd64:/usr/lib64:/lib64:/lib:/usr/lib]
06-Jun-2019 11:01:08.569 INFORMAÇÕES [main] org.apache.coyote.AbstractProtocol.init Initializing ProtocolHandler ["http-nio-8080"]
06-Jun-2019 11:01:08.610 INFORMAÇÕES [main] org.apache.coyote.AbstractProtocol.init Initializing ProtocolHandler ["ajp-nio-8009"]
06-Jun-2019 11:01:08.623 INFORMAÇÕES [main] org.apache.catalina.startup.Catalina.load Server initialization in [827] milliseconds
06-Jun-2019 11:01:08.668 INFORMAÇÕES [main] org.apache.catalina.core.StandardService.startInternal Starting service [Catalina]
06-Jun-2019 11:01:08.669 INFORMAÇÕES [main] org.apache.catalina.core.StandardEngine.startInternal Starting Servlet engine: [Apache Tomcat/9.0.20]
06-Jun-2019 11:01:08.682 INFORMAÇÕES [main] org.apache.catalina.startup.HostConfig.deployDescriptor Deploying deployment descriptor [/home/marcelo/Área de Trabalho/PauloRicardoGP/apache-tomcat-9.0.20/conf/Catalina/localhost/WebApplication.xml]
06-Jun-2019 11:01:08.703 ADVERTÊNCIA [main] org.apache.catalina.startup.HostConfig.deployDescriptor The path attribute with value [/WebApplication] in deployment descriptor [/home/marcelo/Área de Trabalho/PauloRicardoGP/apache-tomcat-9.0.20/conf/Catalina/localhost/WebApplication.xml] has been ignored
06-Jun-2019 11:01:09.213 INFORMAÇÕES [main] org.apache.catalina.startup.HostConfig.deployDescriptor Deployment of deployment descriptor [/home/marcelo/Área de Trabalho/PauloRicardoGP/apache-tomcat-9.0.20/conf/Catalina/localhost/WebApplication.xml] has finished in [531] ms
06-Jun-2019 11:01:09.215 INFORMAÇÕES [main] org.apache.catalina.startup.HostConfig.deployDirectory Diretório de instalação da aplicação web [/home/marcelo/Área de Trabalho/PauloRicardoGP/apache-tomcat-9.0.20/webapps/host-manager]
06-Jun-2019 11:01:09.304 INFORMAÇÕES [main] org.apache.catalina.startup.HostConfig.deployDirectory Deployment of web application directory [/home/marcelo/Área de Trabalho/PauloRicardoGP/apache-tomcat-9.0.20/webapps/host-manager] has finished in [88] ms
06-Jun-2019 11:01:09.304 INFORMAÇÕES [main] org.apache.catalina.startup.HostConfig.deployDirectory Diretório de instalação da aplicação web [/home/marcelo/Área de Trabalho/PauloRicardoGP/apache-tomcat-9.0.20/webapps/manager]
06-Jun-2019 11:01:09.341 INFORMAÇÕES [main] org.apache.catalina.startup.HostConfig.deployDirectory Deployment of web application directory [/home/marcelo/Área de Trabalho/PauloRicardoGP/apache-tomcat-9.0.20/webapps/manager] has finished in [36] ms
06-Jun-2019 11:01:09.341 INFORMAÇÕES [main] org.apache.catalina.startup.HostConfig.deployDirectory Diretório de instalação da aplicação web [/home/marcelo/Área de Trabalho/PauloRicardoGP/apache-tomcat-9.0.20/webapps/examples]
06-Jun-2019 11:01:09.891 INFORMAÇÕES [main] org.apache.catalina.startup.HostConfig.deployDirectory Deployment of web application directory [/home/marcelo/Área de Trabalho/PauloRicardoGP/apache-tomcat-9.0.20/webapps/examples] has finished in [549] ms
06-Jun-2019 11:01:09.891 INFORMAÇÕES [main] org.apache.catalina.startup.HostConfig.deployDirectory Diretório de instalação da aplicação web [/home/marcelo/Área de Trabalho/PauloRicardoGP/apache-tomcat-9.0.20/webapps/docs]
06-Jun-2019 11:01:09.911 INFORMAÇÕES [main] org.apache.catalina.startup.HostConfig.deployDirectory Deployment of web application directory [/home/marcelo/Área de Trabalho/PauloRicardoGP/apache-tomcat-9.0.20/webapps/docs] has finished in [20] ms
06-Jun-2019 11:01:09.912 INFORMAÇÕES [main] org.apache.catalina.startup.HostConfig.deployDirectory Diretório de instalação da aplicação web [/home/marcelo/Área de Trabalho/PauloRicardoGP/apache-tomcat-9.0.20/webapps/ROOT]
06-Jun-2019 11:01:09.935 INFORMAÇÕES [main] org.apache.catalina.startup.HostConfig.deployDirectory Deployment of web application directory [/home/marcelo/Área de Trabalho/PauloRicardoGP/apache-tomcat-9.0.20/webapps/ROOT] has finished in [23] ms
06-Jun-2019 11:01:09.941 INFORMAÇÕES [main] org.apache.coyote.AbstractProtocol.start Starting ProtocolHandler ["http-nio-8080"]
06-Jun-2019 11:01:09.960 INFORMAÇÕES [main] org.apache.coyote.AbstractProtocol.start Starting ProtocolHandler ["ajp-nio-8009"]
06-Jun-2019 11:01:09.993 INFORMAÇÕES [main] org.apache.catalina.startup.Catalina.start Server startup in [1.368] milliseconds
06-Jun-2019 11:01:15.999 INFORMAÇÕES [http-nio-8080-exec-6] org.apache.catalina.startup.HostConfig.deployDescriptor Deploying deployment descriptor [/home/marcelo/Área de Trabalho/PauloRicardoGP/apache-tomcat-9.0.20/conf/Catalina/localhost/ServletHTML.xml]
06-Jun-2019 11:01:16.001 ADVERTÊNCIA [http-nio-8080-exec-6] org.apache.catalina.startup.HostConfig.deployDescriptor The path attribute with value [/ServletHTML] in deployment descriptor [/home/marcelo/Área de Trabalho/PauloRicardoGP/apache-tomcat-9.0.20/conf/Catalina/localhost/ServletHTML.xml] has been ignored
06-Jun-2019 11:01:16.180 INFORMAÇÕES [http-nio-8080-exec-6] org.apache.jasper.servlet.TldScanner.scanJars At least one JAR was scanned for TLDs yet contained no TLDs. Enable debug logging for this logger for a complete list of JARs that were scanned but no TLDs were found in them. Skipping unneeded JARs during scanning can improve startup time and JSP compilation time.
06-Jun-2019 11:01:16.184 INFORMAÇÕES [http-nio-8080-exec-6] org.apache.catalina.startup.HostConfig.deployDescriptor Deployment of deployment descriptor [/home/marcelo/Área de Trabalho/PauloRicardoGP/apache-tomcat-9.0.20/conf/Catalina/localhost/ServletHTML.xml] has finished in [185] ms
06-Jun-2019 11:01:16.202 INFORMAÇÕES [http-nio-8080-exec-8] org.apache.catalina.util.LifecycleBase.start The start() method was called on component [StandardEngine[Catalina].StandardHost[localhost].StandardContext[/ServletHTML]] after start() had already been called. The second call will be ignored.
06-Jun-2019 11:01:48.625 INFORMAÇÕES [Thread-5] org.apache.coyote.AbstractProtocol.pause Pausing ProtocolHandler ["http-nio-8080"]
06-Jun-2019 11:01:48.635 INFORMAÇÕES [Thread-5] org.apache.coyote.AbstractProtocol.pause Pausing ProtocolHandler ["ajp-nio-8009"]
06-Jun-2019 11:01:48.643 INFORMAÇÕES [Thread-5] org.apache.catalina.core.StandardService.stopInternal Stopping service [Catalina]
06-Jun-2019 11:01:48.838 INFORMAÇÕES [Thread-5] org.apache.coyote.AbstractProtocol.stop Stopping ProtocolHandler ["http-nio-8080"]
06-Jun-2019 11:01:48.840 INFORMAÇÕES [Thread-5] org.apache.coyote.AbstractProtocol.stop Stopping ProtocolHandler ["ajp-nio-8009"]
06-Jun-2019 11:01:48.843 INFORMAÇÕES [Thread-5] org.apache.coyote.AbstractProtocol.destroy Destroying ProtocolHandler ["http-nio-8080"]
06-Jun-2019 11:01:48.845 INFORMAÇÕES [Thread-5] org.apache.coyote.AbstractProtocol.destroy Destroying ProtocolHandler ["ajp-nio-8009"]
06-Jun-2019 14:03:15.405 INFORMAÇÕES [main] org.apache.catalina.startup.VersionLoggerListener.log Server version name:   Apache Tomcat/9.0.20
06-Jun-2019 14:03:15.419 INFORMAÇÕES [main] org.apache.catalina.startup.VersionLoggerListener.log Server built:          May 3 2019 22:26:00 UTC
06-Jun-2019 14:03:15.420 INFORMAÇÕES [main] org.apache.catalina.startup.VersionLoggerListener.log Server version number: 9.0.20.0
06-Jun-2019 14:03:15.420 INFORMAÇÕES [main] org.apache.catalina.startup.VersionLoggerListener.log OS Name:               Linux
06-Jun-2019 14:03:15.420 INFORMAÇÕES [main] org.apache.catalina.startup.VersionLoggerListener.log OS Version:            4.18.0-20-generic
06-Jun-2019 14:03:15.420 INFORMAÇÕES [main] org.apache.catalina.startup.VersionLoggerListener.log Architecture:          amd64
06-Jun-2019 14:03:15.420 INFORMAÇÕES [main] org.apache.catalina.startup.VersionLoggerListener.log Java Home:             /home/marcelo/jdk1.8.0_111/jre
06-Jun-2019 14:03:15.420 INFORMAÇÕES [main] org.apache.catalina.startup.VersionLoggerListener.log JVM Version:           1.8.0_111-b14
06-Jun-2019 14:03:15.421 INFORMAÇÕES [main] org.apache.catalina.startup.VersionLoggerListener.log JVM Vendor:            Oracle Corporation
06-Jun-2019 14:03:15.421 INFORMAÇÕES [main] org.apache.catalina.startup.VersionLoggerListener.log CATALINA_BASE:         /home/marcelo/Área de Trabalho/PauloRicardoGP/apache-tomcat-9.0.20
06-Jun-2019 14:03:15.421 INFORMAÇÕES [main] org.apache.catalina.startup.VersionLoggerListener.log CATALINA_HOME:         /home/marcelo/Área de Trabalho/PauloRicardoGP/apache-tomcat-9.0.20
06-Jun-2019 14:03:15.431 INFORMAÇÕES [main] org.apache.catalina.startup.VersionLoggerListener.log Command line argument: -Djava.util.logging.config.file=/home/marcelo/Área de Trabalho/PauloRicardoGP/apache-tomcat-9.0.20/conf/logging.properties
06-Jun-2019 14:03:15.432 INFORMAÇÕES [main] org.apache.catalina.startup.VersionLoggerListener.log Command line argument: -Djava.util.logging.manager=org.apache.juli.ClassLoaderLogManager
06-Jun-2019 14:03:15.432 INFORMAÇÕES [main] org.apache.catalina.startup.VersionLoggerListener.log Command line argument: -Dhttp.nonProxyHosts=localhost|127.0.0.1|marcelo
06-Jun-2019 14:03:15.432 INFORMAÇÕES [main] org.apache.catalina.startup.VersionLoggerListener.log Command line argument: -Djdk.tls.ephemeralDHKeySize=2048
06-Jun-2019 14:03:15.432 INFORMAÇÕES [main] org.apache.catalina.startup.VersionLoggerListener.log Command line argument: -Djava.protocol.handler.pkgs=org.apache.catalina.webresources
06-Jun-2019 14:03:15.432 INFORMAÇÕES [main] org.apache.catalina.startup.VersionLoggerListener.log Command line argument: -Dorg.apache.catalina.security.SecurityListener.UMASK=0027
06-Jun-2019 14:03:15.432 INFORMAÇÕES [main] org.apache.catalina.startup.VersionLoggerListener.log Command line argument: -Dignore.endorsed.dirs=
06-Jun-2019 14:03:15.433 INFORMAÇÕES [main] org.apache.catalina.startup.VersionLoggerListener.log Command line argument: -Dcatalina.base=/home/marcelo/Área de Trabalho/PauloRicardoGP/apache-tomcat-9.0.20
06-Jun-2019 14:03:15.433 INFORMAÇÕES [main] org.apache.catalina.startup.VersionLoggerListener.log Command line argument: -Dcatalina.home=/home/marcelo/Área de Trabalho/PauloRicardoGP/apache-tomcat-9.0.20
06-Jun-2019 14:03:15.433 INFORMAÇÕES [main] org.apache.catalina.startup.VersionLoggerListener.log Command line argument: -Djava.io.tmpdir=/home/marcelo/Área de Trabalho/PauloRicardoGP/apache-tomcat-9.0.20/temp
06-Jun-2019 14:03:15.433 INFORMAÇÕES [main] org.apache.catalina.core.AprLifecycleListener.lifecycleEvent The APR based Apache Tomcat Native library which allows optimal performance in production environments was not found on the java.library.path: [/home/marcelo/jdk1.8.0_111/jre/lib/amd64:/home/marcelo/jdk1.8.0_111/jre/lib/i386::/usr/java/packages/lib/amd64:/usr/lib64:/lib64:/lib:/usr/lib]
06-Jun-2019 14:03:16.077 INFORMAÇÕES [main] org.apache.coyote.AbstractProtocol.init Initializing ProtocolHandler ["http-nio-8080"]
06-Jun-2019 14:03:16.128 INFORMAÇÕES [main] org.apache.coyote.AbstractProtocol.init Initializing ProtocolHandler ["ajp-nio-8009"]
06-Jun-2019 14:03:16.137 INFORMAÇÕES [main] org.apache.catalina.startup.Catalina.load Server initialization in [1.283] milliseconds
06-Jun-2019 14:03:16.203 INFORMAÇÕES [main] org.apache.catalina.core.StandardService.startInternal Starting service [Catalina]
06-Jun-2019 14:03:16.203 INFORMAÇÕES [main] org.apache.catalina.core.StandardEngine.startInternal Starting Servlet engine: [Apache Tomcat/9.0.20]
06-Jun-2019 14:03:16.218 INFORMAÇÕES [main] org.apache.catalina.startup.HostConfig.deployDescriptor Deploying deployment descriptor [/home/marcelo/Área de Trabalho/PauloRicardoGP/apache-tomcat-9.0.20/conf/Catalina/localhost/ServletHTML.xml]
06-Jun-2019 14:03:16.251 ADVERTÊNCIA [main] org.apache.catalina.startup.HostConfig.deployDescriptor The path attribute with value [/ServletHTML] in deployment descriptor [/home/marcelo/Área de Trabalho/PauloRicardoGP/apache-tomcat-9.0.20/conf/Catalina/localhost/ServletHTML.xml] has been ignored
06-Jun-2019 14:03:16.670 INFORMAÇÕES [main] org.apache.jasper.servlet.TldScanner.scanJars At least one JAR was scanned for TLDs yet contained no TLDs. Enable debug logging for this logger for a complete list of JARs that were scanned but no TLDs were found in them. Skipping unneeded JARs during scanning can improve startup time and JSP compilation time.
06-Jun-2019 14:03:16.739 INFORMAÇÕES [main] org.apache.catalina.startup.HostConfig.deployDescriptor Deployment of deployment descriptor [/home/marcelo/Área de Trabalho/PauloRicardoGP/apache-tomcat-9.0.20/conf/Catalina/localhost/ServletHTML.xml] has finished in [521] ms
06-Jun-2019 14:03:16.740 INFORMAÇÕES [main] org.apache.catalina.startup.HostConfig.deployDescriptor Deploying deployment descriptor [/home/marcelo/Área de Trabalho/PauloRicardoGP/apache-tomcat-9.0.20/conf/Catalina/localhost/WebApplication.xml]
06-Jun-2019 14:03:16.741 ADVERTÊNCIA [main] org.apache.catalina.startup.HostConfig.deployDescriptor The path attribute with value [/WebApplication] in deployment descriptor [/home/marcelo/Área de Trabalho/PauloRicardoGP/apache-tomcat-9.0.20/conf/Catalina/localhost/WebApplication.xml] has been ignored
06-Jun-2019 14:03:16.777 INFORMAÇÕES [main] org.apache.catalina.startup.HostConfig.deployDescriptor Deployment of deployment descriptor [/home/marcelo/Área de Trabalho/PauloRicardoGP/apache-tomcat-9.0.20/conf/Catalina/localhost/WebApplication.xml] has finished in [38] ms
06-Jun-2019 14:03:16.787 INFORMAÇÕES [main] org.apache.catalina.startup.HostConfig.deployDirectory Diretório de instalação da aplicação web [/home/marcelo/Área de Trabalho/PauloRicardoGP/apache-tomcat-9.0.20/webapps/host-manager]
06-Jun-2019 14:03:16.858 INFORMAÇÕES [main] org.apache.catalina.startup.HostConfig.deployDirectory Deployment of web application directory [/home/marcelo/Área de Trabalho/PauloRicardoGP/apache-tomcat-9.0.20/webapps/host-manager] has finished in [71] ms
06-Jun-2019 14:03:16.859 INFORMAÇÕES [main] org.apache.catalina.startup.HostConfig.deployDirectory Diretório de instalação da aplicação web [/home/marcelo/Área de Trabalho/PauloRicardoGP/apache-tomcat-9.0.20/webapps/manager]
06-Jun-2019 14:03:16.954 INFORMAÇÕES [main] org.apache.catalina.startup.HostConfig.deployDirectory Deployment of web application directory [/home/marcelo/Área de Trabalho/PauloRicardoGP/apache-tomcat-9.0.20/webapps/manager] has finished in [94] ms
06-Jun-2019 14:03:16.954 INFORMAÇÕES [main] org.apache.catalina.startup.HostConfig.deployDirectory Diretório de instalação da aplicação web [/home/marcelo/Área de Trabalho/PauloRicardoGP/apache-tomcat-9.0.20/webapps/examples]
06-Jun-2019 14:03:17.570 INFORMAÇÕES [main] org.apache.catalina.startup.HostConfig.deployDirectory Deployment of web application directory [/home/marcelo/Área de Trabalho/PauloRicardoGP/apache-tomcat-9.0.20/webapps/examples] has finished in [616] ms
06-Jun-2019 14:03:17.571 INFORMAÇÕES [main] org.apache.catalina.startup.HostConfig.deployDirectory Diretório de instalação da aplicação web [/home/marcelo/Área de Trabalho/PauloRicardoGP/apache-tomcat-9.0.20/webapps/docs]
06-Jun-2019 14:03:17.613 INFORMAÇÕES [main] org.apache.catalina.startup.HostConfig.deployDirectory Deployment of web application directory [/home/marcelo/Área de Trabalho/PauloRicardoGP/apache-tomcat-9.0.20/webapps/docs] has finished in [42] ms
06-Jun-2019 14:03:17.614 INFORMAÇÕES [main] org.apache.catalina.startup.HostConfig.deployDirectory Diretório de instalação da aplicação web [/home/marcelo/Área de Trabalho/PauloRicardoGP/apache-tomcat-9.0.20/webapps/ROOT]
06-Jun-2019 14:03:17.674 INFORMAÇÕES [main] org.apache.catalina.startup.HostConfig.deployDirectory Deployment of web application directory [/home/marcelo/Área de Trabalho/PauloRicardoGP/apache-tomcat-9.0.20/webapps/ROOT] has finished in [59] ms
06-Jun-2019 14:03:17.681 INFORMAÇÕES [main] org.apache.coyote.AbstractProtocol.start Starting ProtocolHandler ["http-nio-8080"]
06-Jun-2019 14:03:17.732 INFORMAÇÕES [main] org.apache.coyote.AbstractProtocol.start Starting ProtocolHandler ["ajp-nio-8009"]
06-Jun-2019 14:03:17.772 INFORMAÇÕES [main] org.apache.catalina.startup.Catalina.start Server startup in [1.634] milliseconds
06-Jun-2019 14:03:23.478 INFORMAÇÕES [http-nio-8080-exec-7] org.apache.jasper.servlet.TldScanner.scanJars At least one JAR was scanned for TLDs yet contained no TLDs. Enable debug logging for this logger for a complete list of JARs that were scanned but no TLDs were found in them. Skipping unneeded JARs during scanning can improve startup time and JSP compilation time.
06-Jun-2019 14:04:02.627 INFORMAÇÕES [http-nio-8080-exec-16] org.apache.jasper.servlet.TldScanner.scanJars At least one JAR was scanned for TLDs yet contained no TLDs. Enable debug logging for this logger for a complete list of JARs that were scanned but no TLDs were found in them. Skipping unneeded JARs during scanning can improve startup time and JSP compilation time.
06-Jun-2019 14:04:07.719 INFORMAÇÕES [Catalina-utility-2] org.apache.catalina.startup.HostConfig.reload Reloading context [/ServletHTML]
06-Jun-2019 14:04:07.720 INFORMAÇÕES [Catalina-utility-2] org.apache.catalina.core.StandardContext.reload Reloading Context with name [/ServletHTML] has started
06-Jun-2019 14:04:07.763 INFORMAÇÕES [Catalina-utility-2] org.apache.jasper.servlet.TldScanner.scanJars At least one JAR was scanned for TLDs yet contained no TLDs. Enable debug logging for this logger for a complete list of JARs that were scanned but no TLDs were found in them. Skipping unneeded JARs during scanning can improve startup time and JSP compilation time.
06-Jun-2019 14:04:07.767 INFORMAÇÕES [Catalina-utility-2] org.apache.catalina.core.StandardContext.reload Reloading Context with name [/ServletHTML] is completed
06-Jun-2019 14:05:00.790 INFORMAÇÕES [http-nio-8080-exec-3] org.apache.catalina.core.StandardContext.reload Reloading Context with name [/ServletHTML] has started
06-Jun-2019 14:05:00.874 INFORMAÇÕES [http-nio-8080-exec-3] org.apache.jasper.servlet.TldScanner.scanJars At least one JAR was scanned for TLDs yet contained no TLDs. Enable debug logging for this logger for a complete list of JARs that were scanned but no TLDs were found in them. Skipping unneeded JARs during scanning can improve startup time and JSP compilation time.
06-Jun-2019 14:05:00.883 INFORMAÇÕES [http-nio-8080-exec-3] org.apache.catalina.core.StandardContext.reload Reloading Context with name [/ServletHTML] is completed
06-Jun-2019 14:05:05.137 INFORMAÇÕES [http-nio-8080-exec-14] org.apache.catalina.core.StandardContext.reload Reloading Context with name [/ServletHTML] has started
06-Jun-2019 14:05:05.192 INFORMAÇÕES [http-nio-8080-exec-14] org.apache.jasper.servlet.TldScanner.scanJars At least one JAR was scanned for TLDs yet contained no TLDs. Enable debug logging for this logger for a complete list of JARs that were scanned but no TLDs were found in them. Skipping unneeded JARs during scanning can improve startup time and JSP compilation time.
06-Jun-2019 14:05:05.194 INFORMAÇÕES [http-nio-8080-exec-14] org.apache.catalina.core.StandardContext.reload Reloading Context with name [/ServletHTML] is completed
06-Jun-2019 14:05:39.199 INFORMAÇÕES [http-nio-8080-exec-17] org.apache.catalina.core.StandardContext.reload Reloading Context with name [/ServletHTML] has started
06-Jun-2019 14:05:39.291 INFORMAÇÕES [http-nio-8080-exec-17] org.apache.jasper.servlet.TldScanner.scanJars At least one JAR was scanned for TLDs yet contained no TLDs. Enable debug logging for this logger for a complete list of JARs that were scanned but no TLDs were found in them. Skipping unneeded JARs during scanning can improve startup time and JSP compilation time.
06-Jun-2019 14:05:39.304 INFORMAÇÕES [http-nio-8080-exec-17] org.apache.catalina.core.StandardContext.reload Reloading Context with name [/ServletHTML] is completed
06-Jun-2019 14:05:39.353 INFORMAÇÕES [http-nio-8080-exec-13] org.apache.catalina.core.StandardContext.reload Reloading Context with name [/ServletHTML] has started
06-Jun-2019 14:05:39.458 INFORMAÇÕES [http-nio-8080-exec-13] org.apache.jasper.servlet.TldScanner.scanJars At least one JAR was scanned for TLDs yet contained no TLDs. Enable debug logging for this logger for a complete list of JARs that were scanned but no TLDs were found in them. Skipping unneeded JARs during scanning can improve startup time and JSP compilation time.
06-Jun-2019 14:05:39.461 INFORMAÇÕES [http-nio-8080-exec-13] org.apache.catalina.core.StandardContext.reload Reloading Context with name [/ServletHTML] is completed
06-Jun-2019 14:05:47.993 INFORMAÇÕES [http-nio-8080-exec-17] org.apache.catalina.core.StandardContext.reload Reloading Context with name [/ServletHTML] has started
06-Jun-2019 14:05:48.034 INFORMAÇÕES [http-nio-8080-exec-17] org.apache.jasper.servlet.TldScanner.scanJars At least one JAR was scanned for TLDs yet contained no TLDs. Enable debug logging for this logger for a complete list of JARs that were scanned but no TLDs were found in them. Skipping unneeded JARs during scanning can improve startup time and JSP compilation time.
06-Jun-2019 14:05:48.036 INFORMAÇÕES [http-nio-8080-exec-17] org.apache.catalina.core.StandardContext.reload Reloading Context with name [/ServletHTML] is completed
06-Jun-2019 14:05:51.441 INFORMAÇÕES [http-nio-8080-exec-17] org.apache.catalina.core.StandardContext.reload Reloading Context with name [/ServletHTML] has started
06-Jun-2019 14:05:51.501 INFORMAÇÕES [http-nio-8080-exec-17] org.apache.jasper.servlet.TldScanner.scanJars At least one JAR was scanned for TLDs yet contained no TLDs. Enable debug logging for this logger for a complete list of JARs that were scanned but no TLDs were found in them. Skipping unneeded JARs during scanning can improve startup time and JSP compilation time.
06-Jun-2019 14:05:51.504 INFORMAÇÕES [http-nio-8080-exec-17] org.apache.catalina.core.StandardContext.reload Reloading Context with name [/ServletHTML] is completed
06-Jun-2019 14:07:25.953 INFORMAÇÕES [http-nio-8080-exec-22] org.apache.catalina.core.StandardContext.reload Reloading Context with name [/ServletHTML] has started
06-Jun-2019 14:07:26.009 INFORMAÇÕES [http-nio-8080-exec-22] org.apache.jasper.servlet.TldScanner.scanJars At least one JAR was scanned for TLDs yet contained no TLDs. Enable debug logging for this logger for a complete list of JARs that were scanned but no TLDs were found in them. Skipping unneeded JARs during scanning can improve startup time and JSP compilation time.
06-Jun-2019 14:07:26.011 INFORMAÇÕES [http-nio-8080-exec-22] org.apache.catalina.core.StandardContext.reload Reloading Context with name [/ServletHTML] is completed
06-Jun-2019 14:09:44.609 INFORMAÇÕES [http-nio-8080-exec-14] org.apache.catalina.core.StandardContext.reload Reloading Context with name [/ServletHTML] has started
06-Jun-2019 14:09:44.645 INFORMAÇÕES [http-nio-8080-exec-14] org.apache.jasper.servlet.TldScanner.scanJars At least one JAR was scanned for TLDs yet contained no TLDs. Enable debug logging for this logger for a complete list of JARs that were scanned but no TLDs were found in them. Skipping unneeded JARs during scanning can improve startup time and JSP compilation time.
06-Jun-2019 14:09:44.647 INFORMAÇÕES [http-nio-8080-exec-14] org.apache.catalina.core.StandardContext.reload Reloading Context with name [/ServletHTML] is completed
06-Jun-2019 14:10:58.648 INFORMAÇÕES [http-nio-8080-exec-27] org.apache.catalina.core.StandardContext.reload Reloading Context with name [/ServletHTML] has started
06-Jun-2019 14:10:58.698 INFORMAÇÕES [http-nio-8080-exec-27] org.apache.jasper.servlet.TldScanner.scanJars At least one JAR was scanned for TLDs yet contained no TLDs. Enable debug logging for this logger for a complete list of JARs that were scanned but no TLDs were found in them. Skipping unneeded JARs during scanning can improve startup time and JSP compilation time.
06-Jun-2019 14:10:58.700 INFORMAÇÕES [http-nio-8080-exec-27] org.apache.catalina.core.StandardContext.reload Reloading Context with name [/ServletHTML] is completed
06-Jun-2019 14:11:49.406 INFORMAÇÕES [http-nio-8080-exec-29] org.apache.jasper.servlet.TldScanner.scanJars At least one JAR was scanned for TLDs yet contained no TLDs. Enable debug logging for this logger for a complete list of JARs that were scanned but no TLDs were found in them. Skipping unneeded JARs during scanning can improve startup time and JSP compilation time.
06-Jun-2019 14:11:57.983 INFORMAÇÕES [Catalina-utility-2] org.apache.catalina.startup.HostConfig.reload Reloading context [/ServletHTML]
06-Jun-2019 14:11:57.983 INFORMAÇÕES [Catalina-utility-2] org.apache.catalina.core.StandardContext.reload Reloading Context with name [/ServletHTML] has started
06-Jun-2019 14:11:58.022 INFORMAÇÕES [Catalina-utility-2] org.apache.jasper.servlet.TldScanner.scanJars At least one JAR was scanned for TLDs yet contained no TLDs. Enable debug logging for this logger for a complete list of JARs that were scanned but no TLDs were found in them. Skipping unneeded JARs during scanning can improve startup time and JSP compilation time.
06-Jun-2019 14:11:58.024 INFORMAÇÕES [Catalina-utility-2] org.apache.catalina.core.StandardContext.reload Reloading Context with name [/ServletHTML] is completed
06-Jun-2019 14:12:32.021 INFORMAÇÕES [http-nio-8080-exec-30] org.apache.jasper.servlet.TldScanner.scanJars At least one JAR was scanned for TLDs yet contained no TLDs. Enable debug logging for this logger for a complete list of JARs that were scanned but no TLDs were found in them. Skipping unneeded JARs during scanning can improve startup time and JSP compilation time.
06-Jun-2019 14:12:38.037 INFORMAÇÕES [Catalina-utility-1] org.apache.catalina.startup.HostConfig.reload Reloading context [/ServletHTML]
06-Jun-2019 14:12:38.037 INFORMAÇÕES [Catalina-utility-1] org.apache.catalina.core.StandardContext.reload Reloading Context with name [/ServletHTML] has started
06-Jun-2019 14:12:38.071 INFORMAÇÕES [Catalina-utility-1] org.apache.jasper.servlet.TldScanner.scanJars At least one JAR was scanned for TLDs yet contained no TLDs. Enable debug logging for this logger for a complete list of JARs that were scanned but no TLDs were found in them. Skipping unneeded JARs during scanning can improve startup time and JSP compilation time.
06-Jun-2019 14:12:38.072 INFORMAÇÕES [Catalina-utility-1] org.apache.catalina.core.StandardContext.reload Reloading Context with name [/ServletHTML] is completed
06-Jun-2019 14:12:46.488 INFORMAÇÕES [http-nio-8080-exec-22] org.apache.jasper.servlet.TldScanner.scanJars At least one JAR was scanned for TLDs yet contained no TLDs. Enable debug logging for this logger for a complete list of JARs that were scanned but no TLDs were found in them. Skipping unneeded JARs during scanning can improve startup time and JSP compilation time.
06-Jun-2019 14:12:48.074 INFORMAÇÕES [Catalina-utility-2] org.apache.catalina.startup.HostConfig.reload Reloading context [/ServletHTML]
06-Jun-2019 14:12:48.074 INFORMAÇÕES [Catalina-utility-2] org.apache.catalina.core.StandardContext.reload Reloading Context with name [/ServletHTML] has started
06-Jun-2019 14:12:48.112 INFORMAÇÕES [Catalina-utility-2] org.apache.jasper.servlet.TldScanner.scanJars At least one JAR was scanned for TLDs yet contained no TLDs. Enable debug logging for this logger for a complete list of JARs that were scanned but no TLDs were found in them. Skipping unneeded JARs during scanning can improve startup time and JSP compilation time.
06-Jun-2019 14:12:48.114 INFORMAÇÕES [Catalina-utility-2] org.apache.catalina.core.StandardContext.reload Reloading Context with name [/ServletHTML] is completed
06-Jun-2019 14:12:54.152 INFORMAÇÕES [http-nio-8080-exec-3] org.apache.jasper.servlet.TldScanner.scanJars At least one JAR was scanned for TLDs yet contained no TLDs. Enable debug logging for this logger for a complete list of JARs that were scanned but no TLDs were found in them. Skipping unneeded JARs during scanning can improve startup time and JSP compilation time.
06-Jun-2019 14:13:16.798 INFORMAÇÕES [http-nio-8080-exec-25] org.apache.catalina.startup.HostConfig.undeploy Undeploying context [/ServletHTML]
06-Jun-2019 14:14:00.348 INFORMAÇÕES [http-nio-8080-exec-39] org.apache.catalina.startup.HostConfig.deployDescriptor Deploying deployment descriptor [/home/marcelo/Área de Trabalho/PauloRicardoGP/apache-tomcat-9.0.20/conf/Catalina/localhost/ServletHTML.xml]
06-Jun-2019 14:14:00.350 ADVERTÊNCIA [http-nio-8080-exec-39] org.apache.catalina.startup.HostConfig.deployDescriptor The path attribute with value [/ServletHTML] in deployment descriptor [/home/marcelo/Área de Trabalho/PauloRicardoGP/apache-tomcat-9.0.20/conf/Catalina/localhost/ServletHTML.xml] has been ignored
06-Jun-2019 14:14:00.422 INFORMAÇÕES [http-nio-8080-exec-39] org.apache.jasper.servlet.TldScanner.scanJars At least one JAR was scanned for TLDs yet contained no TLDs. Enable debug logging for this logger for a complete list of JARs that were scanned but no TLDs were found in them. Skipping unneeded JARs during scanning can improve startup time and JSP compilation time.
06-Jun-2019 14:14:00.425 INFORMAÇÕES [http-nio-8080-exec-39] org.apache.catalina.startup.HostConfig.deployDescriptor Deployment of deployment descriptor [/home/marcelo/Área de Trabalho/PauloRicardoGP/apache-tomcat-9.0.20/conf/Catalina/localhost/ServletHTML.xml] has finished in [77] ms
06-Jun-2019 14:14:00.444 INFORMAÇÕES [http-nio-8080-exec-26] org.apache.catalina.util.LifecycleBase.start The start() method was called on component [StandardEngine[Catalina].StandardHost[localhost].StandardContext[/ServletHTML]] after start() had already been called. The second call will be ignored.
06-Jun-2019 14:14:31.890 INFORMAÇÕES [http-nio-8080-exec-43] org.apache.catalina.startup.HostConfig.undeploy Undeploying context [/ServletHTML]
06-Jun-2019 14:14:50.447 INFORMAÇÕES [http-nio-8080-exec-40] org.apache.catalina.startup.HostConfig.deployDescriptor Deploying deployment descriptor [/home/marcelo/Área de Trabalho/PauloRicardoGP/apache-tomcat-9.0.20/conf/Catalina/localhost/ServletHTML.xml]
06-Jun-2019 14:14:50.448 ADVERTÊNCIA [http-nio-8080-exec-40] org.apache.catalina.startup.HostConfig.deployDescriptor The path attribute with value [/ServletHTML] in deployment descriptor [/home/marcelo/Área de Trabalho/PauloRicardoGP/apache-tomcat-9.0.20/conf/Catalina/localhost/ServletHTML.xml] has been ignored
06-Jun-2019 14:14:50.490 INFORMAÇÕES [http-nio-8080-exec-40] org.apache.jasper.servlet.TldScanner.scanJars At least one JAR was scanned for TLDs yet contained no TLDs. Enable debug logging for this logger for a complete list of JARs that were scanned but no TLDs were found in them. Skipping unneeded JARs during scanning can improve startup time and JSP compilation time.
06-Jun-2019 14:14:50.493 INFORMAÇÕES [http-nio-8080-exec-40] org.apache.catalina.startup.HostConfig.deployDescriptor Deployment of deployment descriptor [/home/marcelo/Área de Trabalho/PauloRicardoGP/apache-tomcat-9.0.20/conf/Catalina/localhost/ServletHTML.xml] has finished in [46] ms
06-Jun-2019 14:14:50.502 INFORMAÇÕES [http-nio-8080-exec-43] org.apache.catalina.util.LifecycleBase.start The start() method was called on component [StandardEngine[Catalina].StandardHost[localhost].StandardContext[/ServletHTML]] after start() had already been called. The second call will be ignored.
06-Jun-2019 14:15:20.139 INFORMAÇÕES [Thread-5] org.apache.coyote.AbstractProtocol.pause Pausing ProtocolHandler ["http-nio-8080"]
06-Jun-2019 14:15:20.255 INFORMAÇÕES [Thread-5] org.apache.coyote.AbstractProtocol.pause Pausing ProtocolHandler ["ajp-nio-8009"]
06-Jun-2019 14:15:20.282 INFORMAÇÕES [Thread-5] org.apache.catalina.core.StandardService.stopInternal Stopping service [Catalina]
06-Jun-2019 14:15:20.414 INFORMAÇÕES [Thread-5] org.apache.coyote.AbstractProtocol.stop Stopping ProtocolHandler ["http-nio-8080"]
06-Jun-2019 14:15:20.430 INFORMAÇÕES [Thread-5] org.apache.coyote.AbstractProtocol.stop Stopping ProtocolHandler ["ajp-nio-8009"]
06-Jun-2019 14:15:20.436 INFORMAÇÕES [Thread-5] org.apache.coyote.AbstractProtocol.destroy Destroying ProtocolHandler ["http-nio-8080"]
06-Jun-2019 14:15:20.437 INFORMAÇÕES [Thread-5] org.apache.coyote.AbstractProtocol.destroy Destroying ProtocolHandler ["ajp-nio-8009"]
06-Jun-2019 14:16:43.624 INFORMAÇÕES [main] org.apache.catalina.startup.VersionLoggerListener.log Server version name:   Apache Tomcat/9.0.20
06-Jun-2019 14:16:43.631 INFORMAÇÕES [main] org.apache.catalina.startup.VersionLoggerListener.log Server built:          May 3 2019 22:26:00 UTC
06-Jun-2019 14:16:43.632 INFORMAÇÕES [main] org.apache.catalina.startup.VersionLoggerListener.log Server version number: 9.0.20.0
06-Jun-2019 14:16:43.632 INFORMAÇÕES [main] org.apache.catalina.startup.VersionLoggerListener.log OS Name:               Linux
06-Jun-2019 14:16:43.632 INFORMAÇÕES [main] org.apache.catalina.startup.VersionLoggerListener.log OS Version:            4.18.0-20-generic
06-Jun-2019 14:16:43.632 INFORMAÇÕES [main] org.apache.catalina.startup.VersionLoggerListener.log Architecture:          amd64
06-Jun-2019 14:16:43.632 INFORMAÇÕES [main] org.apache.catalina.startup.VersionLoggerListener.log Java Home:             /home/marcelo/jdk1.8.0_111/jre
06-Jun-2019 14:16:43.632 INFORMAÇÕES [main] org.apache.catalina.startup.VersionLoggerListener.log JVM Version:           1.8.0_111-b14
06-Jun-2019 14:16:43.633 INFORMAÇÕES [main] org.apache.catalina.startup.VersionLoggerListener.log JVM Vendor:            Oracle Corporation
06-Jun-2019 14:16:43.633 INFORMAÇÕES [main] org.apache.catalina.startup.VersionLoggerListener.log CATALINA_BASE:         /home/marcelo/Área de Trabalho/PauloRicardoGP/apache-tomcat-9.0.20
06-Jun-2019 14:16:43.633 INFORMAÇÕES [main] org.apache.catalina.startup.VersionLoggerListener.log CATALINA_HOME:         /home/marcelo/Área de Trabalho/PauloRicardoGP/apache-tomcat-9.0.20
06-Jun-2019 14:16:43.634 INFORMAÇÕES [main] org.apache.catalina.startup.VersionLoggerListener.log Command line argument: -Djava.util.logging.config.file=/home/marcelo/Área de Trabalho/PauloRicardoGP/apache-tomcat-9.0.20/conf/logging.properties
06-Jun-2019 14:16:43.634 INFORMAÇÕES [main] org.apache.catalina.startup.VersionLoggerListener.log Command line argument: -Djava.util.logging.manager=org.apache.juli.ClassLoaderLogManager
06-Jun-2019 14:16:43.634 INFORMAÇÕES [main] org.apache.catalina.startup.VersionLoggerListener.log Command line argument: -Dhttp.nonProxyHosts=localhost|127.0.0.1|marcelo
06-Jun-2019 14:16:43.634 INFORMAÇÕES [main] org.apache.catalina.startup.VersionLoggerListener.log Command line argument: -Djdk.tls.ephemeralDHKeySize=2048
06-Jun-2019 14:16:43.634 INFORMAÇÕES [main] org.apache.catalina.startup.VersionLoggerListener.log Command line argument: -Djava.protocol.handler.pkgs=org.apache.catalina.webresources
06-Jun-2019 14:16:43.634 INFORMAÇÕES [main] org.apache.catalina.startup.VersionLoggerListener.log Command line argument: -Dorg.apache.catalina.security.SecurityListener.UMASK=0027
06-Jun-2019 14:16:43.635 INFORMAÇÕES [main] org.apache.catalina.startup.VersionLoggerListener.log Command line argument: -Dignore.endorsed.dirs=
06-Jun-2019 14:16:43.635 INFORMAÇÕES [main] org.apache.catalina.startup.VersionLoggerListener.log Command line argument: -Dcatalina.base=/home/marcelo/Área de Trabalho/PauloRicardoGP/apache-tomcat-9.0.20
06-Jun-2019 14:16:43.635 INFORMAÇÕES [main] org.apache.catalina.startup.VersionLoggerListener.log Command line argument: -Dcatalina.home=/home/marcelo/Área de Trabalho/PauloRicardoGP/apache-tomcat-9.0.20
06-Jun-2019 14:16:43.636 INFORMAÇÕES [main] org.apache.catalina.startup.VersionLoggerListener.log Command line argument: -Djava.io.tmpdir=/home/marcelo/Área de Trabalho/PauloRicardoGP/apache-tomcat-9.0.20/temp
06-Jun-2019 14:16:43.637 INFORMAÇÕES [main] org.apache.catalina.core.AprLifecycleListener.lifecycleEvent The APR based Apache Tomcat Native library which allows optimal performance in production environments was not found on the java.library.path: [/home/marcelo/jdk1.8.0_111/jre/lib/amd64:/home/marcelo/jdk1.8.0_111/jre/lib/i386::/usr/java/packages/lib/amd64:/usr/lib64:/lib64:/lib:/usr/lib]
06-Jun-2019 14:16:44.379 INFORMAÇÕES [main] org.apache.coyote.AbstractProtocol.init Initializing ProtocolHandler ["http-nio-8080"]
06-Jun-2019 14:16:44.422 INFORMAÇÕES [main] org.apache.coyote.AbstractProtocol.init Initializing ProtocolHandler ["ajp-nio-8009"]
06-Jun-2019 14:16:44.432 INFORMAÇÕES [main] org.apache.catalina.startup.Catalina.load Server initialization in [1.457] milliseconds
06-Jun-2019 14:16:44.490 INFORMAÇÕES [main] org.apache.catalina.core.StandardService.startInternal Starting service [Catalina]
06-Jun-2019 14:16:44.491 INFORMAÇÕES [main] org.apache.catalina.core.StandardEngine.startInternal Starting Servlet engine: [Apache Tomcat/9.0.20]
06-Jun-2019 14:16:44.504 INFORMAÇÕES [main] org.apache.catalina.startup.HostConfig.deployDescriptor Deploying deployment descriptor [/home/marcelo/Área de Trabalho/PauloRicardoGP/apache-tomcat-9.0.20/conf/Catalina/localhost/ServletHTML.xml]
06-Jun-2019 14:16:44.535 ADVERTÊNCIA [main] org.apache.catalina.startup.HostConfig.deployDescriptor The path attribute with value [/ServletHTML] in deployment descriptor [/home/marcelo/Área de Trabalho/PauloRicardoGP/apache-tomcat-9.0.20/conf/Catalina/localhost/ServletHTML.xml] has been ignored
06-Jun-2019 14:16:45.063 INFORMAÇÕES [main] org.apache.jasper.servlet.TldScanner.scanJars At least one JAR was scanned for TLDs yet contained no TLDs. Enable debug logging for this logger for a complete list of JARs that were scanned but no TLDs were found in them. Skipping unneeded JARs during scanning can improve startup time and JSP compilation time.
06-Jun-2019 14:16:45.132 INFORMAÇÕES [main] org.apache.catalina.startup.HostConfig.deployDescriptor Deployment of deployment descriptor [/home/marcelo/Área de Trabalho/PauloRicardoGP/apache-tomcat-9.0.20/conf/Catalina/localhost/ServletHTML.xml] has finished in [628] ms
06-Jun-2019 14:16:45.132 INFORMAÇÕES [main] org.apache.catalina.startup.HostConfig.deployDescriptor Deploying deployment descriptor [/home/marcelo/Área de Trabalho/PauloRicardoGP/apache-tomcat-9.0.20/conf/Catalina/localhost/WebApplication.xml]
06-Jun-2019 14:16:45.134 ADVERTÊNCIA [main] org.apache.catalina.startup.HostConfig.deployDescriptor The path attribute with value [/WebApplication] in deployment descriptor [/home/marcelo/Área de Trabalho/PauloRicardoGP/apache-tomcat-9.0.20/conf/Catalina/localhost/WebApplication.xml] has been ignored
06-Jun-2019 14:16:45.164 INFORMAÇÕES [main] org.apache.catalina.startup.HostConfig.deployDescriptor Deployment of deployment descriptor [/home/marcelo/Área de Trabalho/PauloRicardoGP/apache-tomcat-9.0.20/conf/Catalina/localhost/WebApplication.xml] has finished in [32] ms
06-Jun-2019 14:16:45.165 INFORMAÇÕES [main] org.apache.catalina.startup.HostConfig.deployDirectory Diretório de instalação da aplicação web [/home/marcelo/Área de Trabalho/PauloRicardoGP/apache-tomcat-9.0.20/webapps/host-manager]
06-Jun-2019 14:16:45.232 INFORMAÇÕES [main] org.apache.catalina.startup.HostConfig.deployDirectory Deployment of web application directory [/home/marcelo/Área de Trabalho/PauloRicardoGP/apache-tomcat-9.0.20/webapps/host-manager] has finished in [67] ms
06-Jun-2019 14:16:45.233 INFORMAÇÕES [main] org.apache.catalina.startup.HostConfig.deployDirectory Diretório de instalação da aplicação web [/home/marcelo/Área de Trabalho/PauloRicardoGP/apache-tomcat-9.0.20/webapps/manager]
06-Jun-2019 14:16:45.279 INFORMAÇÕES [main] org.apache.catalina.startup.HostConfig.deployDirectory Deployment of web application directory [/home/marcelo/Área de Trabalho/PauloRicardoGP/apache-tomcat-9.0.20/webapps/manager] has finished in [46] ms
06-Jun-2019 14:16:45.279 INFORMAÇÕES [main] org.apache.catalina.startup.HostConfig.deployDirectory Diretório de instalação da aplicação web [/home/marcelo/Área de Trabalho/PauloRicardoGP/apache-tomcat-9.0.20/webapps/examples]
06-Jun-2019 14:16:45.763 INFORMAÇÕES [main] org.apache.catalina.startup.HostConfig.deployDirectory Deployment of web application directory [/home/marcelo/Área de Trabalho/PauloRicardoGP/apache-tomcat-9.0.20/webapps/examples] has finished in [483] ms
06-Jun-2019 14:16:45.763 INFORMAÇÕES [main] org.apache.catalina.startup.HostConfig.deployDirectory Diretório de instalação da aplicação web [/home/marcelo/Área de Trabalho/PauloRicardoGP/apache-tomcat-9.0.20/webapps/docs]
06-Jun-2019 14:16:45.813 INFORMAÇÕES [main] org.apache.catalina.startup.HostConfig.deployDirectory Deployment of web application directory [/home/marcelo/Área de Trabalho/PauloRicardoGP/apache-tomcat-9.0.20/webapps/docs] has finished in [50] ms
06-Jun-2019 14:16:45.813 INFORMAÇÕES [main] org.apache.catalina.startup.HostConfig.deployDirectory Diretório de instalação da aplicação web [/home/marcelo/Área de Trabalho/PauloRicardoGP/apache-tomcat-9.0.20/webapps/ROOT]
06-Jun-2019 14:16:45.873 INFORMAÇÕES [main] org.apache.catalina.startup.HostConfig.deployDirectory Deployment of web application directory [/home/marcelo/Área de Trabalho/PauloRicardoGP/apache-tomcat-9.0.20/webapps/ROOT] has finished in [60] ms
06-Jun-2019 14:16:45.878 INFORMAÇÕES [main] org.apache.coyote.AbstractProtocol.start Starting ProtocolHandler ["http-nio-8080"]
06-Jun-2019 14:16:45.918 INFORMAÇÕES [main] org.apache.coyote.AbstractProtocol.start Starting ProtocolHandler ["ajp-nio-8009"]
06-Jun-2019 14:16:45.964 INFORMAÇÕES [main] org.apache.catalina.startup.Catalina.start Server startup in [1.531] milliseconds
06-Jun-2019 14:24:37.440 INFORMAÇÕES [http-nio-8080-exec-6] org.apache.catalina.core.StandardContext.reload Reloading Context with name [/ServletHTML] has started
06-Jun-2019 14:24:37.508 INFORMAÇÕES [http-nio-8080-exec-6] org.apache.jasper.servlet.TldScanner.scanJars At least one JAR was scanned for TLDs yet contained no TLDs. Enable debug logging for this logger for a complete list of JARs that were scanned but no TLDs were found in them. Skipping unneeded JARs during scanning can improve startup time and JSP compilation time.
06-Jun-2019 14:24:37.511 INFORMAÇÕES [http-nio-8080-exec-6] org.apache.catalina.core.StandardContext.reload Reloading Context with name [/ServletHTML] is completed
06-Jun-2019 14:26:40.446 INFORMAÇÕES [http-nio-8080-exec-5] org.apache.catalina.core.StandardContext.reload Reloading Context with name [/ServletHTML] has started
06-Jun-2019 14:26:40.530 INFORMAÇÕES [http-nio-8080-exec-5] org.apache.jasper.servlet.TldScanner.scanJars At least one JAR was scanned for TLDs yet contained no TLDs. Enable debug logging for this logger for a complete list of JARs that were scanned but no TLDs were found in them. Skipping unneeded JARs during scanning can improve startup time and JSP compilation time.
06-Jun-2019 14:26:40.537 INFORMAÇÕES [http-nio-8080-exec-5] org.apache.catalina.core.StandardContext.reload Reloading Context with name [/ServletHTML] is completed
06-Jun-2019 14:27:20.519 INFORMAÇÕES [Thread-5] org.apache.coyote.AbstractProtocol.pause Pausing ProtocolHandler ["http-nio-8080"]
06-Jun-2019 14:27:20.533 INFORMAÇÕES [Thread-5] org.apache.coyote.AbstractProtocol.pause Pausing ProtocolHandler ["ajp-nio-8009"]
06-Jun-2019 14:27:20.551 INFORMAÇÕES [Thread-5] org.apache.catalina.core.StandardService.stopInternal Stopping service [Catalina]
06-Jun-2019 14:27:20.665 INFORMAÇÕES [Thread-5] org.apache.coyote.AbstractProtocol.stop Stopping ProtocolHandler ["http-nio-8080"]
06-Jun-2019 14:27:20.668 INFORMAÇÕES [Thread-5] org.apache.coyote.AbstractProtocol.stop Stopping ProtocolHandler ["ajp-nio-8009"]
06-Jun-2019 14:27:20.673 INFORMAÇÕES [Thread-5] org.apache.coyote.AbstractProtocol.destroy Destroying ProtocolHandler ["http-nio-8080"]
06-Jun-2019 14:27:20.675 INFORMAÇÕES [Thread-5] org.apache.coyote.AbstractProtocol.destroy Destroying ProtocolHandler ["ajp-nio-8009"]
06-Jun-2019 14:37:35.567 INFORMAÇÕES [main] org.apache.catalina.startup.VersionLoggerListener.log Server version name:   Apache Tomcat/9.0.20
06-Jun-2019 14:37:35.572 INFORMAÇÕES [main] org.apache.catalina.startup.VersionLoggerListener.log Server built:          May 3 2019 22:26:00 UTC
06-Jun-2019 14:37:35.572 INFORMAÇÕES [main] org.apache.catalina.startup.VersionLoggerListener.log Server version number: 9.0.20.0
06-Jun-2019 14:37:35.572 INFORMAÇÕES [main] org.apache.catalina.startup.VersionLoggerListener.log OS Name:               Linux
06-Jun-2019 14:37:35.572 INFORMAÇÕES [main] org.apache.catalina.startup.VersionLoggerListener.log OS Version:            4.18.0-20-generic
06-Jun-2019 14:37:35.572 INFORMAÇÕES [main] org.apache.catalina.startup.VersionLoggerListener.log Architecture:          amd64
06-Jun-2019 14:37:35.572 INFORMAÇÕES [main] org.apache.catalina.startup.VersionLoggerListener.log Java Home:             /home/marcelo/jdk1.8.0_111/jre
06-Jun-2019 14:37:35.572 INFORMAÇÕES [main] org.apache.catalina.startup.VersionLoggerListener.log JVM Version:           1.8.0_111-b14
06-Jun-2019 14:37:35.573 INFORMAÇÕES [main] org.apache.catalina.startup.VersionLoggerListener.log JVM Vendor:            Oracle Corporation
06-Jun-2019 14:37:35.573 INFORMAÇÕES [main] org.apache.catalina.startup.VersionLoggerListener.log CATALINA_BASE:         /home/marcelo/Área de Trabalho/PauloRicardoGP/apache-tomcat-9.0.20
06-Jun-2019 14:37:35.573 INFORMAÇÕES [main] org.apache.catalina.startup.VersionLoggerListener.log CATALINA_HOME:         /home/marcelo/Área de Trabalho/PauloRicardoGP/apache-tomcat-9.0.20
06-Jun-2019 14:37:35.574 INFORMAÇÕES [main] org.apache.catalina.startup.VersionLoggerListener.log Command line argument: -Djava.util.logging.config.file=/home/marcelo/Área de Trabalho/PauloRicardoGP/apache-tomcat-9.0.20/conf/logging.properties
06-Jun-2019 14:37:35.574 INFORMAÇÕES [main] org.apache.catalina.startup.VersionLoggerListener.log Command line argument: -Djava.util.logging.manager=org.apache.juli.ClassLoaderLogManager
06-Jun-2019 14:37:35.574 INFORMAÇÕES [main] org.apache.catalina.startup.VersionLoggerListener.log Command line argument: -Dhttp.nonProxyHosts=localhost|127.0.0.1|marcelo
06-Jun-2019 14:37:35.574 INFORMAÇÕES [main] org.apache.catalina.startup.VersionLoggerListener.log Command line argument: -Djdk.tls.ephemeralDHKeySize=2048
06-Jun-2019 14:37:35.574 INFORMAÇÕES [main] org.apache.catalina.startup.VersionLoggerListener.log Command line argument: -Djava.protocol.handler.pkgs=org.apache.catalina.webresources
06-Jun-2019 14:37:35.574 INFORMAÇÕES [main] org.apache.catalina.startup.VersionLoggerListener.log Command line argument: -Dorg.apache.catalina.security.SecurityListener.UMASK=0027
06-Jun-2019 14:37:35.575 INFORMAÇÕES [main] org.apache.catalina.startup.VersionLoggerListener.log Command line argument: -Dignore.endorsed.dirs=
06-Jun-2019 14:37:35.575 INFORMAÇÕES [main] org.apache.catalina.startup.VersionLoggerListener.log Command line argument: -Dcatalina.base=/home/marcelo/Área de Trabalho/PauloRicardoGP/apache-tomcat-9.0.20
06-Jun-2019 14:37:35.575 INFORMAÇÕES [main] org.apache.catalina.startup.VersionLoggerListener.log Command line argument: -Dcatalina.home=/home/marcelo/Área de Trabalho/PauloRicardoGP/apache-tomcat-9.0.20
06-Jun-2019 14:37:35.575 INFORMAÇÕES [main] org.apache.catalina.startup.VersionLoggerListener.log Command line argument: -Djava.io.tmpdir=/home/marcelo/Área de Trabalho/PauloRicardoGP/apache-tomcat-9.0.20/temp
06-Jun-2019 14:37:35.576 INFORMAÇÕES [main] org.apache.catalina.core.AprLifecycleListener.lifecycleEvent The APR based Apache Tomcat Native library which allows optimal performance in production environments was not found on the java.library.path: [/home/marcelo/jdk1.8.0_111/jre/lib/amd64:/home/marcelo/jdk1.8.0_111/jre/lib/i386::/usr/java/packages/lib/amd64:/usr/lib64:/lib64:/lib:/usr/lib]
06-Jun-2019 14:37:36.066 INFORMAÇÕES [main] org.apache.coyote.AbstractProtocol.init Initializing ProtocolHandler ["http-nio-8080"]
06-Jun-2019 14:37:36.114 INFORMAÇÕES [main] org.apache.coyote.AbstractProtocol.init Initializing ProtocolHandler ["ajp-nio-8009"]
06-Jun-2019 14:37:36.121 INFORMAÇÕES [main] org.apache.catalina.startup.Catalina.load Server initialization in [975] milliseconds
06-Jun-2019 14:37:36.185 INFORMAÇÕES [main] org.apache.catalina.core.StandardService.startInternal Starting service [Catalina]
06-Jun-2019 14:37:36.186 INFORMAÇÕES [main] org.apache.catalina.core.StandardEngine.startInternal Starting Servlet engine: [Apache Tomcat/9.0.20]
06-Jun-2019 14:37:36.198 INFORMAÇÕES [main] org.apache.catalina.startup.HostConfig.deployDescriptor Deploying deployment descriptor [/home/marcelo/Área de Trabalho/PauloRicardoGP/apache-tomcat-9.0.20/conf/Catalina/localhost/ServletHTML.xml]
06-Jun-2019 14:37:36.227 ADVERTÊNCIA [main] org.apache.catalina.startup.HostConfig.deployDescriptor The path attribute with value [/ServletHTML] in deployment descriptor [/home/marcelo/Área de Trabalho/PauloRicardoGP/apache-tomcat-9.0.20/conf/Catalina/localhost/ServletHTML.xml] has been ignored
06-Jun-2019 14:37:36.659 INFORMAÇÕES [main] org.apache.jasper.servlet.TldScanner.scanJars At least one JAR was scanned for TLDs yet contained no TLDs. Enable debug logging for this logger for a complete list of JARs that were scanned but no TLDs were found in them. Skipping unneeded JARs during scanning can improve startup time and JSP compilation time.
06-Jun-2019 14:37:36.710 INFORMAÇÕES [main] org.apache.catalina.startup.HostConfig.deployDescriptor Deployment of deployment descriptor [/home/marcelo/Área de Trabalho/PauloRicardoGP/apache-tomcat-9.0.20/conf/Catalina/localhost/ServletHTML.xml] has finished in [513] ms
06-Jun-2019 14:37:36.711 INFORMAÇÕES [main] org.apache.catalina.startup.HostConfig.deployDescriptor Deploying deployment descriptor [/home/marcelo/Área de Trabalho/PauloRicardoGP/apache-tomcat-9.0.20/conf/Catalina/localhost/WebApplication.xml]
06-Jun-2019 14:37:36.712 ADVERTÊNCIA [main] org.apache.catalina.startup.HostConfig.deployDescriptor The path attribute with value [/WebApplication] in deployment descriptor [/home/marcelo/Área de Trabalho/PauloRicardoGP/apache-tomcat-9.0.20/conf/Catalina/localhost/WebApplication.xml] has been ignored
06-Jun-2019 14:37:36.748 INFORMAÇÕES [main] org.apache.catalina.startup.HostConfig.deployDescriptor Deployment of deployment descriptor [/home/marcelo/Área de Trabalho/PauloRicardoGP/apache-tomcat-9.0.20/conf/Catalina/localhost/WebApplication.xml] has finished in [37] ms
06-Jun-2019 14:37:36.749 INFORMAÇÕES [main] org.apache.catalina.startup.HostConfig.deployDirectory Diretório de instalação da aplicação web [/home/marcelo/Área de Trabalho/PauloRicardoGP/apache-tomcat-9.0.20/webapps/host-manager]
06-Jun-2019 14:37:36.803 INFORMAÇÕES [main] org.apache.catalina.startup.HostConfig.deployDirectory Deployment of web application directory [/home/marcelo/Área de Trabalho/PauloRicardoGP/apache-tomcat-9.0.20/webapps/host-manager] has finished in [54] ms
06-Jun-2019 14:37:36.803 INFORMAÇÕES [main] org.apache.catalina.startup.HostConfig.deployDirectory Diretório de instalação da aplicação web [/home/marcelo/Área de Trabalho/PauloRicardoGP/apache-tomcat-9.0.20/webapps/manager]
06-Jun-2019 14:37:36.862 INFORMAÇÕES [main] org.apache.catalina.startup.HostConfig.deployDirectory Deployment of web application directory [/home/marcelo/Área de Trabalho/PauloRicardoGP/apache-tomcat-9.0.20/webapps/manager] has finished in [58] ms
06-Jun-2019 14:37:36.862 INFORMAÇÕES [main] org.apache.catalina.startup.HostConfig.deployDirectory Diretório de instalação da aplicação web [/home/marcelo/Área de Trabalho/PauloRicardoGP/apache-tomcat-9.0.20/webapps/examples]
06-Jun-2019 14:37:37.271 INFORMAÇÕES [main] org.apache.catalina.startup.HostConfig.deployDirectory Deployment of web application directory [/home/marcelo/Área de Trabalho/PauloRicardoGP/apache-tomcat-9.0.20/webapps/examples] has finished in [409] ms
06-Jun-2019 14:37:37.272 INFORMAÇÕES [main] org.apache.catalina.startup.HostConfig.deployDirectory Diretório de instalação da aplicação web [/home/marcelo/Área de Trabalho/PauloRicardoGP/apache-tomcat-9.0.20/webapps/docs]
06-Jun-2019 14:37:37.311 INFORMAÇÕES [main] org.apache.catalina.startup.HostConfig.deployDirectory Deployment of web application directory [/home/marcelo/Área de Trabalho/PauloRicardoGP/apache-tomcat-9.0.20/webapps/docs] has finished in [39] ms
06-Jun-2019 14:37:37.313 INFORMAÇÕES [main] org.apache.catalina.startup.HostConfig.deployDirectory Diretório de instalação da aplicação web [/home/marcelo/Área de Trabalho/PauloRicardoGP/apache-tomcat-9.0.20/webapps/ROOT]
06-Jun-2019 14:37:37.344 INFORMAÇÕES [main] org.apache.catalina.startup.HostConfig.deployDirectory Deployment of web application directory [/home/marcelo/Área de Trabalho/PauloRicardoGP/apache-tomcat-9.0.20/webapps/ROOT] has finished in [31] ms
06-Jun-2019 14:37:37.354 INFORMAÇÕES [main] org.apache.coyote.AbstractProtocol.start Starting ProtocolHandler ["http-nio-8080"]
06-Jun-2019 14:37:37.375 INFORMAÇÕES [main] org.apache.coyote.AbstractProtocol.start Starting ProtocolHandler ["ajp-nio-8009"]
06-Jun-2019 14:37:37.383 INFORMAÇÕES [main] org.apache.catalina.startup.Catalina.start Server startup in [1.261] milliseconds
06-Jun-2019 14:37:43.623 INFORMAÇÕES [http-nio-8080-exec-5] org.apache.catalina.startup.HostConfig.undeploy Undeploying context [/ServletHTML]
06-Jun-2019 14:37:43.638 INFORMAÇÕES [http-nio-8080-exec-6] org.apache.catalina.startup.HostConfig.deployDescriptor Deploying deployment descriptor [/home/marcelo/Área de Trabalho/PauloRicardoGP/apache-tomcat-9.0.20/conf/Catalina/localhost/ServletHTML.xml]
06-Jun-2019 14:37:43.639 ADVERTÊNCIA [http-nio-8080-exec-6] org.apache.catalina.startup.HostConfig.deployDescriptor The path attribute with value [/ServletHTML] in deployment descriptor [/home/marcelo/Área de Trabalho/PauloRicardoGP/apache-tomcat-9.0.20/conf/Catalina/localhost/ServletHTML.xml] has been ignored
06-Jun-2019 14:37:43.691 INFORMAÇÕES [http-nio-8080-exec-6] org.apache.jasper.servlet.TldScanner.scanJars At least one JAR was scanned for TLDs yet contained no TLDs. Enable debug logging for this logger for a complete list of JARs that were scanned but no TLDs were found in them. Skipping unneeded JARs during scanning can improve startup time and JSP compilation time.
06-Jun-2019 14:37:43.695 INFORMAÇÕES [http-nio-8080-exec-6] org.apache.catalina.startup.HostConfig.deployDescriptor Deployment of deployment descriptor [/home/marcelo/Área de Trabalho/PauloRicardoGP/apache-tomcat-9.0.20/conf/Catalina/localhost/ServletHTML.xml] has finished in [58] ms
06-Jun-2019 15:12:47.400 INFORMAÇÕES [main] org.apache.catalina.core.StandardServer.await A valid shutdown command was received via the shutdown port. Stopping the Server instance.
06-Jun-2019 15:12:47.401 INFORMAÇÕES [main] org.apache.coyote.AbstractProtocol.pause Pausing ProtocolHandler ["http-nio-8080"]
06-Jun-2019 15:12:47.433 INFORMAÇÕES [main] org.apache.coyote.AbstractProtocol.pause Pausing ProtocolHandler ["ajp-nio-8009"]
06-Jun-2019 15:12:47.439 INFORMAÇÕES [main] org.apache.catalina.core.StandardService.stopInternal Stopping service [Catalina]
06-Jun-2019 15:12:47.487 INFORMAÇÕES [main] org.apache.coyote.AbstractProtocol.stop Stopping ProtocolHandler ["http-nio-8080"]
06-Jun-2019 15:12:47.493 INFORMAÇÕES [main] org.apache.coyote.AbstractProtocol.stop Stopping ProtocolHandler ["ajp-nio-8009"]
06-Jun-2019 15:12:47.496 INFORMAÇÕES [main] org.apache.coyote.AbstractProtocol.destroy Destroying ProtocolHandler ["http-nio-8080"]
06-Jun-2019 15:12:47.497 INFORMAÇÕES [main] org.apache.coyote.AbstractProtocol.destroy Destroying ProtocolHandler ["ajp-nio-8009"]
