07-Jun-2019 07:55:40.537 INFORMAÇÕES [main] org.apache.catalina.startup.VersionLoggerListener.log Server version name:   Apache Tomcat/9.0.20
07-Jun-2019 07:55:40.539 INFORMAÇÕES [main] org.apache.catalina.startup.VersionLoggerListener.log Server built:          May 3 2019 22:26:00 UTC
07-Jun-2019 07:55:40.539 INFORMAÇÕES [main] org.apache.catalina.startup.VersionLoggerListener.log Server version number: 9.0.20.0
07-Jun-2019 07:55:40.539 INFORMAÇÕES [main] org.apache.catalina.startup.VersionLoggerListener.log OS Name:               Linux
07-Jun-2019 07:55:40.539 INFORMAÇÕES [main] org.apache.catalina.startup.VersionLoggerListener.log OS Version:            4.18.0-20-generic
07-Jun-2019 07:55:40.539 INFORMAÇÕES [main] org.apache.catalina.startup.VersionLoggerListener.log Architecture:          amd64
07-Jun-2019 07:55:40.540 INFORMAÇÕES [main] org.apache.catalina.startup.VersionLoggerListener.log Java Home:             /home/marcelo/jdk1.8.0_111/jre
07-Jun-2019 07:55:40.540 INFORMAÇÕES [main] org.apache.catalina.startup.VersionLoggerListener.log JVM Version:           1.8.0_111-b14
07-Jun-2019 07:55:40.540 INFORMAÇÕES [main] org.apache.catalina.startup.VersionLoggerListener.log JVM Vendor:            Oracle Corporation
07-Jun-2019 07:55:40.540 INFORMAÇÕES [main] org.apache.catalina.startup.VersionLoggerListener.log CATALINA_BASE:         /home/marcelo/Área de Trabalho/Tommcat/apache-tomcat-9.0.20
07-Jun-2019 07:55:40.540 INFORMAÇÕES [main] org.apache.catalina.startup.VersionLoggerListener.log CATALINA_HOME:         /home/marcelo/Área de Trabalho/Tommcat/apache-tomcat-9.0.20
07-Jun-2019 07:55:40.541 INFORMAÇÕES [main] org.apache.catalina.startup.VersionLoggerListener.log Command line argument: -Djava.util.logging.config.file=/home/marcelo/Área de Trabalho/Tommcat/apache-tomcat-9.0.20/conf/logging.properties
07-Jun-2019 07:55:40.541 INFORMAÇÕES [main] org.apache.catalina.startup.VersionLoggerListener.log Command line argument: -Djava.util.logging.manager=org.apache.juli.ClassLoaderLogManager
07-Jun-2019 07:55:40.542 INFORMAÇÕES [main] org.apache.catalina.startup.VersionLoggerListener.log Command line argument: -Dhttp.nonProxyHosts=localhost|127.0.0.1|marcelo
07-Jun-2019 07:55:40.542 INFORMAÇÕES [main] org.apache.catalina.startup.VersionLoggerListener.log Command line argument: -Djdk.tls.ephemeralDHKeySize=2048
07-Jun-2019 07:55:40.542 INFORMAÇÕES [main] org.apache.catalina.startup.VersionLoggerListener.log Command line argument: -Djava.protocol.handler.pkgs=org.apache.catalina.webresources
07-Jun-2019 07:55:40.542 INFORMAÇÕES [main] org.apache.catalina.startup.VersionLoggerListener.log Command line argument: -Dorg.apache.catalina.security.SecurityListener.UMASK=0027
07-Jun-2019 07:55:40.542 INFORMAÇÕES [main] org.apache.catalina.startup.VersionLoggerListener.log Command line argument: -Dignore.endorsed.dirs=
07-Jun-2019 07:55:40.542 INFORMAÇÕES [main] org.apache.catalina.startup.VersionLoggerListener.log Command line argument: -Dcatalina.base=/home/marcelo/Área de Trabalho/Tommcat/apache-tomcat-9.0.20
07-Jun-2019 07:55:40.542 INFORMAÇÕES [main] org.apache.catalina.startup.VersionLoggerListener.log Command line argument: -Dcatalina.home=/home/marcelo/Área de Trabalho/Tommcat/apache-tomcat-9.0.20
07-Jun-2019 07:55:40.543 INFORMAÇÕES [main] org.apache.catalina.startup.VersionLoggerListener.log Command line argument: -Djava.io.tmpdir=/home/marcelo/Área de Trabalho/Tommcat/apache-tomcat-9.0.20/temp
07-Jun-2019 07:55:40.543 INFORMAÇÕES [main] org.apache.catalina.core.AprLifecycleListener.lifecycleEvent The APR based Apache Tomcat Native library which allows optimal performance in production environments was not found on the java.library.path: [/home/marcelo/jdk1.8.0_111/jre/lib/amd64:/home/marcelo/jdk1.8.0_111/jre/lib/i386::/usr/java/packages/lib/amd64:/usr/lib64:/lib64:/lib:/usr/lib]
07-Jun-2019 07:55:41.023 INFORMAÇÕES [main] org.apache.coyote.AbstractProtocol.init Initializing ProtocolHandler ["http-nio-8080"]
07-Jun-2019 07:55:41.101 INFORMAÇÕES [main] org.apache.coyote.AbstractProtocol.init Initializing ProtocolHandler ["ajp-nio-8009"]
07-Jun-2019 07:55:41.112 INFORMAÇÕES [main] org.apache.catalina.startup.Catalina.load Server initialization in [871] milliseconds
07-Jun-2019 07:55:41.170 INFORMAÇÕES [main] org.apache.catalina.core.StandardService.startInternal Starting service [Catalina]
07-Jun-2019 07:55:41.170 INFORMAÇÕES [main] org.apache.catalina.core.StandardEngine.startInternal Starting Servlet engine: [Apache Tomcat/9.0.20]
07-Jun-2019 07:55:41.181 INFORMAÇÕES [main] org.apache.catalina.startup.HostConfig.deployDescriptor Deploying deployment descriptor [/home/marcelo/Área de Trabalho/Tommcat/apache-tomcat-9.0.20/conf/Catalina/localhost/ServletHTML.xml]
07-Jun-2019 07:55:41.207 ADVERTÊNCIA [main] org.apache.catalina.startup.HostConfig.deployDescriptor The path attribute with value [/ServletHTML] in deployment descriptor [/home/marcelo/Área de Trabalho/Tommcat/apache-tomcat-9.0.20/conf/Catalina/localhost/ServletHTML.xml] has been ignored
07-Jun-2019 07:55:41.630 INFORMAÇÕES [main] org.apache.jasper.servlet.TldScanner.scanJars At least one JAR was scanned for TLDs yet contained no TLDs. Enable debug logging for this logger for a complete list of JARs that were scanned but no TLDs were found in them. Skipping unneeded JARs during scanning can improve startup time and JSP compilation time.
07-Jun-2019 07:55:41.688 INFORMAÇÕES [main] org.apache.catalina.startup.HostConfig.deployDescriptor Deployment of deployment descriptor [/home/marcelo/Área de Trabalho/Tommcat/apache-tomcat-9.0.20/conf/Catalina/localhost/ServletHTML.xml] has finished in [506] ms
07-Jun-2019 07:55:41.688 INFORMAÇÕES [main] org.apache.catalina.startup.HostConfig.deployDescriptor Deploying deployment descriptor [/home/marcelo/Área de Trabalho/Tommcat/apache-tomcat-9.0.20/conf/Catalina/localhost/WebApplication.xml]
07-Jun-2019 07:55:41.690 ADVERTÊNCIA [main] org.apache.catalina.startup.HostConfig.deployDescriptor The path attribute with value [/WebApplication] in deployment descriptor [/home/marcelo/Área de Trabalho/Tommcat/apache-tomcat-9.0.20/conf/Catalina/localhost/WebApplication.xml] has been ignored
07-Jun-2019 07:55:41.746 INFORMAÇÕES [main] org.apache.catalina.startup.HostConfig.deployDescriptor Deployment of deployment descriptor [/home/marcelo/Área de Trabalho/Tommcat/apache-tomcat-9.0.20/conf/Catalina/localhost/WebApplication.xml] has finished in [58] ms
07-Jun-2019 07:55:41.747 INFORMAÇÕES [main] org.apache.catalina.startup.HostConfig.deployDirectory Diretório de instalação da aplicação web [/home/marcelo/Área de Trabalho/Tommcat/apache-tomcat-9.0.20/webapps/host-manager]
07-Jun-2019 07:55:41.796 INFORMAÇÕES [main] org.apache.catalina.startup.HostConfig.deployDirectory Deployment of web application directory [/home/marcelo/Área de Trabalho/Tommcat/apache-tomcat-9.0.20/webapps/host-manager] has finished in [48] ms
07-Jun-2019 07:55:41.797 INFORMAÇÕES [main] org.apache.catalina.startup.HostConfig.deployDirectory Diretório de instalação da aplicação web [/home/marcelo/Área de Trabalho/Tommcat/apache-tomcat-9.0.20/webapps/manager]
07-Jun-2019 07:55:41.843 INFORMAÇÕES [main] org.apache.catalina.startup.HostConfig.deployDirectory Deployment of web application directory [/home/marcelo/Área de Trabalho/Tommcat/apache-tomcat-9.0.20/webapps/manager] has finished in [47] ms
07-Jun-2019 07:55:41.844 INFORMAÇÕES [main] org.apache.catalina.startup.HostConfig.deployDirectory Diretório de instalação da aplicação web [/home/marcelo/Área de Trabalho/Tommcat/apache-tomcat-9.0.20/webapps/examples]
07-Jun-2019 07:55:42.283 INFORMAÇÕES [main] org.apache.catalina.startup.HostConfig.deployDirectory Deployment of web application directory [/home/marcelo/Área de Trabalho/Tommcat/apache-tomcat-9.0.20/webapps/examples] has finished in [439] ms
07-Jun-2019 07:55:42.284 INFORMAÇÕES [main] org.apache.catalina.startup.HostConfig.deployDirectory Diretório de instalação da aplicação web [/home/marcelo/Área de Trabalho/Tommcat/apache-tomcat-9.0.20/webapps/docs]
07-Jun-2019 07:55:42.311 INFORMAÇÕES [main] org.apache.catalina.startup.HostConfig.deployDirectory Deployment of web application directory [/home/marcelo/Área de Trabalho/Tommcat/apache-tomcat-9.0.20/webapps/docs] has finished in [27] ms
07-Jun-2019 07:55:42.312 INFORMAÇÕES [main] org.apache.catalina.startup.HostConfig.deployDirectory Diretório de instalação da aplicação web [/home/marcelo/Área de Trabalho/Tommcat/apache-tomcat-9.0.20/webapps/ROOT]
07-Jun-2019 07:55:42.336 INFORMAÇÕES [main] org.apache.catalina.startup.HostConfig.deployDirectory Deployment of web application directory [/home/marcelo/Área de Trabalho/Tommcat/apache-tomcat-9.0.20/webapps/ROOT] has finished in [25] ms
07-Jun-2019 07:55:42.367 INFORMAÇÕES [main] org.apache.coyote.AbstractProtocol.start Starting ProtocolHandler ["http-nio-8080"]
07-Jun-2019 07:55:42.397 INFORMAÇÕES [main] org.apache.coyote.AbstractProtocol.start Starting ProtocolHandler ["ajp-nio-8009"]
07-Jun-2019 07:55:42.427 INFORMAÇÕES [main] org.apache.catalina.startup.Catalina.start Server startup in [1.315] milliseconds
07-Jun-2019 07:55:47.597 INFORMAÇÕES [http-nio-8080-exec-9] org.apache.catalina.startup.HostConfig.undeploy Undeploying context [/WebApplication]
07-Jun-2019 07:55:47.613 INFORMAÇÕES [http-nio-8080-exec-3] org.apache.catalina.startup.HostConfig.deployDescriptor Deploying deployment descriptor [/home/marcelo/Área de Trabalho/Tommcat/apache-tomcat-9.0.20/conf/Catalina/localhost/WebApplication.xml]
07-Jun-2019 07:55:47.614 ADVERTÊNCIA [http-nio-8080-exec-3] org.apache.catalina.startup.HostConfig.deployDescriptor The path attribute with value [/WebApplication] in deployment descriptor [/home/marcelo/Área de Trabalho/Tommcat/apache-tomcat-9.0.20/conf/Catalina/localhost/WebApplication.xml] has been ignored
07-Jun-2019 07:55:47.645 INFORMAÇÕES [http-nio-8080-exec-3] org.apache.catalina.startup.HostConfig.deployDescriptor Deployment of deployment descriptor [/home/marcelo/Área de Trabalho/Tommcat/apache-tomcat-9.0.20/conf/Catalina/localhost/WebApplication.xml] has finished in [32] ms
07-Jun-2019 07:55:47.652 INFORMAÇÕES [http-nio-8080-exec-6] org.apache.catalina.util.LifecycleBase.start The start() method was called on component [StandardEngine[Catalina].StandardHost[localhost].StandardContext[/WebApplication]] after start() had already been called. The second call will be ignored.
07-Jun-2019 07:59:29.811 INFORMAÇÕES [Thread-5] org.apache.coyote.AbstractProtocol.pause Pausing ProtocolHandler ["http-nio-8080"]
07-Jun-2019 07:59:29.825 INFORMAÇÕES [Thread-5] org.apache.coyote.AbstractProtocol.pause Pausing ProtocolHandler ["ajp-nio-8009"]
07-Jun-2019 07:59:29.826 INFORMAÇÕES [Thread-5] org.apache.catalina.core.StandardService.stopInternal Stopping service [Catalina]
07-Jun-2019 07:59:29.948 INFORMAÇÕES [Thread-5] org.apache.coyote.AbstractProtocol.stop Stopping ProtocolHandler ["http-nio-8080"]
07-Jun-2019 07:59:29.957 INFORMAÇÕES [Thread-5] org.apache.coyote.AbstractProtocol.stop Stopping ProtocolHandler ["ajp-nio-8009"]
07-Jun-2019 07:59:29.968 INFORMAÇÕES [Thread-5] org.apache.coyote.AbstractProtocol.destroy Destroying ProtocolHandler ["http-nio-8080"]
07-Jun-2019 07:59:29.969 INFORMAÇÕES [Thread-5] org.apache.coyote.AbstractProtocol.destroy Destroying ProtocolHandler ["ajp-nio-8009"]
07-Jun-2019 09:40:30.995 INFORMAÇÕES [main] org.apache.catalina.startup.VersionLoggerListener.log Server version name:   Apache Tomcat/9.0.20
07-Jun-2019 09:40:30.998 INFORMAÇÕES [main] org.apache.catalina.startup.VersionLoggerListener.log Server built:          May 3 2019 22:26:00 UTC
07-Jun-2019 09:40:30.998 INFORMAÇÕES [main] org.apache.catalina.startup.VersionLoggerListener.log Server version number: 9.0.20.0
07-Jun-2019 09:40:30.998 INFORMAÇÕES [main] org.apache.catalina.startup.VersionLoggerListener.log OS Name:               Linux
07-Jun-2019 09:40:30.998 INFORMAÇÕES [main] org.apache.catalina.startup.VersionLoggerListener.log OS Version:            4.18.0-20-generic
07-Jun-2019 09:40:30.999 INFORMAÇÕES [main] org.apache.catalina.startup.VersionLoggerListener.log Architecture:          amd64
07-Jun-2019 09:40:30.999 INFORMAÇÕES [main] org.apache.catalina.startup.VersionLoggerListener.log Java Home:             /home/marcelo/jdk1.8.0_111/jre
07-Jun-2019 09:40:30.999 INFORMAÇÕES [main] org.apache.catalina.startup.VersionLoggerListener.log JVM Version:           1.8.0_111-b14
07-Jun-2019 09:40:30.999 INFORMAÇÕES [main] org.apache.catalina.startup.VersionLoggerListener.log JVM Vendor:            Oracle Corporation
07-Jun-2019 09:40:30.999 INFORMAÇÕES [main] org.apache.catalina.startup.VersionLoggerListener.log CATALINA_BASE:         /home/marcelo/Área de Trabalho/Tommcat/apache-tomcat-9.0.20
07-Jun-2019 09:40:30.999 INFORMAÇÕES [main] org.apache.catalina.startup.VersionLoggerListener.log CATALINA_HOME:         /home/marcelo/Área de Trabalho/Tommcat/apache-tomcat-9.0.20
07-Jun-2019 09:40:31.001 INFORMAÇÕES [main] org.apache.catalina.startup.VersionLoggerListener.log Command line argument: -Djava.util.logging.config.file=/home/marcelo/Área de Trabalho/Tommcat/apache-tomcat-9.0.20/conf/logging.properties
07-Jun-2019 09:40:31.001 INFORMAÇÕES [main] org.apache.catalina.startup.VersionLoggerListener.log Command line argument: -Djava.util.logging.manager=org.apache.juli.ClassLoaderLogManager
07-Jun-2019 09:40:31.002 INFORMAÇÕES [main] org.apache.catalina.startup.VersionLoggerListener.log Command line argument: -Dhttp.nonProxyHosts=localhost|127.0.0.1|marcelo
07-Jun-2019 09:40:31.002 INFORMAÇÕES [main] org.apache.catalina.startup.VersionLoggerListener.log Command line argument: -Djdk.tls.ephemeralDHKeySize=2048
07-Jun-2019 09:40:31.002 INFORMAÇÕES [main] org.apache.catalina.startup.VersionLoggerListener.log Command line argument: -Djava.protocol.handler.pkgs=org.apache.catalina.webresources
07-Jun-2019 09:40:31.002 INFORMAÇÕES [main] org.apache.catalina.startup.VersionLoggerListener.log Command line argument: -Dorg.apache.catalina.security.SecurityListener.UMASK=0027
07-Jun-2019 09:40:31.002 INFORMAÇÕES [main] org.apache.catalina.startup.VersionLoggerListener.log Command line argument: -Dignore.endorsed.dirs=
07-Jun-2019 09:40:31.002 INFORMAÇÕES [main] org.apache.catalina.startup.VersionLoggerListener.log Command line argument: -Dcatalina.base=/home/marcelo/Área de Trabalho/Tommcat/apache-tomcat-9.0.20
07-Jun-2019 09:40:31.003 INFORMAÇÕES [main] org.apache.catalina.startup.VersionLoggerListener.log Command line argument: -Dcatalina.home=/home/marcelo/Área de Trabalho/Tommcat/apache-tomcat-9.0.20
07-Jun-2019 09:40:31.003 INFORMAÇÕES [main] org.apache.catalina.startup.VersionLoggerListener.log Command line argument: -Djava.io.tmpdir=/home/marcelo/Área de Trabalho/Tommcat/apache-tomcat-9.0.20/temp
07-Jun-2019 09:40:31.003 INFORMAÇÕES [main] org.apache.catalina.core.AprLifecycleListener.lifecycleEvent The APR based Apache Tomcat Native library which allows optimal performance in production environments was not found on the java.library.path: [/home/marcelo/jdk1.8.0_111/jre/lib/amd64:/home/marcelo/jdk1.8.0_111/jre/lib/i386::/usr/java/packages/lib/amd64:/usr/lib64:/lib64:/lib:/usr/lib]
07-Jun-2019 09:40:31.599 INFORMAÇÕES [main] org.apache.coyote.AbstractProtocol.init Initializing ProtocolHandler ["http-nio-8080"]
07-Jun-2019 09:40:31.664 INFORMAÇÕES [main] org.apache.coyote.AbstractProtocol.init Initializing ProtocolHandler ["ajp-nio-8009"]
07-Jun-2019 09:40:31.672 INFORMAÇÕES [main] org.apache.catalina.startup.Catalina.load Server initialization in [1.071] milliseconds
07-Jun-2019 09:40:31.741 INFORMAÇÕES [main] org.apache.catalina.core.StandardService.startInternal Starting service [Catalina]
07-Jun-2019 09:40:31.741 INFORMAÇÕES [main] org.apache.catalina.core.StandardEngine.startInternal Starting Servlet engine: [Apache Tomcat/9.0.20]
07-Jun-2019 09:40:31.749 INFORMAÇÕES [main] org.apache.catalina.startup.HostConfig.deployDescriptor Deploying deployment descriptor [/home/marcelo/Área de Trabalho/Tommcat/apache-tomcat-9.0.20/conf/Catalina/localhost/ServletHTML.xml]
07-Jun-2019 09:40:31.770 ADVERTÊNCIA [main] org.apache.catalina.startup.HostConfig.deployDescriptor The path attribute with value [/ServletHTML] in deployment descriptor [/home/marcelo/Área de Trabalho/Tommcat/apache-tomcat-9.0.20/conf/Catalina/localhost/ServletHTML.xml] has been ignored
07-Jun-2019 09:40:32.193 INFORMAÇÕES [main] org.apache.jasper.servlet.TldScanner.scanJars At least one JAR was scanned for TLDs yet contained no TLDs. Enable debug logging for this logger for a complete list of JARs that were scanned but no TLDs were found in them. Skipping unneeded JARs during scanning can improve startup time and JSP compilation time.
07-Jun-2019 09:40:32.247 INFORMAÇÕES [main] org.apache.catalina.startup.HostConfig.deployDescriptor Deployment of deployment descriptor [/home/marcelo/Área de Trabalho/Tommcat/apache-tomcat-9.0.20/conf/Catalina/localhost/ServletHTML.xml] has finished in [497] ms
07-Jun-2019 09:40:32.247 INFORMAÇÕES [main] org.apache.catalina.startup.HostConfig.deployDescriptor Deploying deployment descriptor [/home/marcelo/Área de Trabalho/Tommcat/apache-tomcat-9.0.20/conf/Catalina/localhost/WebApplication.xml]
07-Jun-2019 09:40:32.254 ADVERTÊNCIA [main] org.apache.catalina.startup.HostConfig.deployDescriptor The path attribute with value [/WebApplication] in deployment descriptor [/home/marcelo/Área de Trabalho/Tommcat/apache-tomcat-9.0.20/conf/Catalina/localhost/WebApplication.xml] has been ignored
07-Jun-2019 09:40:32.260 GRAVE [main] org.apache.catalina.startup.HostConfig.deployDescriptor Error deploying deployment descriptor [/home/marcelo/Área de Trabalho/Tommcat/apache-tomcat-9.0.20/conf/Catalina/localhost/WebApplication.xml]
	java.lang.IllegalStateException: Error starting child
		at org.apache.catalina.core.ContainerBase.addChildInternal(ContainerBase.java:716)
		at org.apache.catalina.core.ContainerBase.addChild(ContainerBase.java:690)
		at org.apache.catalina.core.StandardHost.addChild(StandardHost.java:705)
		at org.apache.catalina.startup.HostConfig.deployDescriptor(HostConfig.java:631)
		at org.apache.catalina.startup.HostConfig$DeployDescriptor.run(HostConfig.java:1831)
		at java.util.concurrent.Executors$RunnableAdapter.call(Executors.java:511)
		at java.util.concurrent.FutureTask.run(FutureTask.java:266)
		at org.apache.tomcat.util.threads.InlineExecutorService.execute(InlineExecutorService.java:75)
		at java.util.concurrent.AbstractExecutorService.submit(AbstractExecutorService.java:112)
		at org.apache.catalina.startup.HostConfig.deployDescriptors(HostConfig.java:526)
		at org.apache.catalina.startup.HostConfig.deployApps(HostConfig.java:425)
		at org.apache.catalina.startup.HostConfig.start(HostConfig.java:1576)
		at org.apache.catalina.startup.HostConfig.lifecycleEvent(HostConfig.java:309)
		at org.apache.catalina.util.LifecycleBase.fireLifecycleEvent(LifecycleBase.java:123)
		at org.apache.catalina.util.LifecycleBase.setStateInternal(LifecycleBase.java:423)
		at org.apache.catalina.util.LifecycleBase.setState(LifecycleBase.java:366)
		at org.apache.catalina.core.ContainerBase.startInternal(ContainerBase.java:929)
		at org.apache.catalina.core.StandardHost.startInternal(StandardHost.java:841)
		at org.apache.catalina.util.LifecycleBase.start(LifecycleBase.java:183)
		at org.apache.catalina.core.ContainerBase$StartChild.call(ContainerBase.java:1377)
		at org.apache.catalina.core.ContainerBase$StartChild.call(ContainerBase.java:1367)
		at java.util.concurrent.FutureTask.run(FutureTask.java:266)
		at org.apache.tomcat.util.threads.InlineExecutorService.execute(InlineExecutorService.java:75)
		at java.util.concurrent.AbstractExecutorService.submit(AbstractExecutorService.java:134)
		at org.apache.catalina.core.ContainerBase.startInternal(ContainerBase.java:902)
		at org.apache.catalina.core.StandardEngine.startInternal(StandardEngine.java:262)
		at org.apache.catalina.util.LifecycleBase.start(LifecycleBase.java:183)
		at org.apache.catalina.core.StandardService.startInternal(StandardService.java:421)
		at org.apache.catalina.util.LifecycleBase.start(LifecycleBase.java:183)
		at org.apache.catalina.core.StandardServer.startInternal(StandardServer.java:932)
		at org.apache.catalina.util.LifecycleBase.start(LifecycleBase.java:183)
		at org.apache.catalina.startup.Catalina.start(Catalina.java:633)
		at sun.reflect.NativeMethodAccessorImpl.invoke0(Native Method)
		at sun.reflect.NativeMethodAccessorImpl.invoke(NativeMethodAccessorImpl.java:62)
		at sun.reflect.DelegatingMethodAccessorImpl.invoke(DelegatingMethodAccessorImpl.java:43)
		at java.lang.reflect.Method.invoke(Method.java:498)
		at org.apache.catalina.startup.Bootstrap.start(Bootstrap.java:344)
		at org.apache.catalina.startup.Bootstrap.main(Bootstrap.java:475)
	Caused by: org.apache.catalina.LifecycleException: Failed to start component [org.apache.catalina.webresources.StandardRoot@56528192]
		at org.apache.catalina.util.LifecycleBase.handleSubClassException(LifecycleBase.java:440)
		at org.apache.catalina.util.LifecycleBase.start(LifecycleBase.java:198)
		at org.apache.catalina.core.StandardContext.resourcesStart(StandardContext.java:4797)
		at org.apache.catalina.core.StandardContext.startInternal(StandardContext.java:4932)
		at org.apache.catalina.util.LifecycleBase.start(LifecycleBase.java:183)
		at org.apache.catalina.core.ContainerBase.addChildInternal(ContainerBase.java:713)
		... 37 more
	Caused by: java.lang.IllegalArgumentException: The main resource set specified [/home/marcelo/NetBeansProjects/WebApplication/build/web] is not valid
		at org.apache.catalina.webresources.StandardRoot.createMainResourceSet(StandardRoot.java:749)
		at org.apache.catalina.webresources.StandardRoot.startInternal(StandardRoot.java:706)
		at org.apache.catalina.util.LifecycleBase.start(LifecycleBase.java:183)
		... 41 more
07-Jun-2019 09:40:32.263 INFORMAÇÕES [main] org.apache.catalina.startup.HostConfig.deployDescriptor Deployment of deployment descriptor [/home/marcelo/Área de Trabalho/Tommcat/apache-tomcat-9.0.20/conf/Catalina/localhost/WebApplication.xml] has finished in [15] ms
07-Jun-2019 09:40:32.263 INFORMAÇÕES [main] org.apache.catalina.startup.HostConfig.deployDirectory Diretório de instalação da aplicação web [/home/marcelo/Área de Trabalho/Tommcat/apache-tomcat-9.0.20/webapps/host-manager]
07-Jun-2019 09:40:32.333 INFORMAÇÕES [main] org.apache.catalina.startup.HostConfig.deployDirectory Deployment of web application directory [/home/marcelo/Área de Trabalho/Tommcat/apache-tomcat-9.0.20/webapps/host-manager] has finished in [69] ms
07-Jun-2019 09:40:32.333 INFORMAÇÕES [main] org.apache.catalina.startup.HostConfig.deployDirectory Diretório de instalação da aplicação web [/home/marcelo/Área de Trabalho/Tommcat/apache-tomcat-9.0.20/webapps/manager]
07-Jun-2019 09:40:32.407 INFORMAÇÕES [main] org.apache.catalina.startup.HostConfig.deployDirectory Deployment of web application directory [/home/marcelo/Área de Trabalho/Tommcat/apache-tomcat-9.0.20/webapps/manager] has finished in [74] ms
07-Jun-2019 09:40:32.407 INFORMAÇÕES [main] org.apache.catalina.startup.HostConfig.deployDirectory Diretório de instalação da aplicação web [/home/marcelo/Área de Trabalho/Tommcat/apache-tomcat-9.0.20/webapps/examples]
07-Jun-2019 09:40:32.918 INFORMAÇÕES [main] org.apache.catalina.startup.HostConfig.deployDirectory Deployment of web application directory [/home/marcelo/Área de Trabalho/Tommcat/apache-tomcat-9.0.20/webapps/examples] has finished in [511] ms
07-Jun-2019 09:40:32.918 INFORMAÇÕES [main] org.apache.catalina.startup.HostConfig.deployDirectory Diretório de instalação da aplicação web [/home/marcelo/Área de Trabalho/Tommcat/apache-tomcat-9.0.20/webapps/docs]
07-Jun-2019 09:40:32.968 INFORMAÇÕES [main] org.apache.catalina.startup.HostConfig.deployDirectory Deployment of web application directory [/home/marcelo/Área de Trabalho/Tommcat/apache-tomcat-9.0.20/webapps/docs] has finished in [49] ms
07-Jun-2019 09:40:32.977 INFORMAÇÕES [main] org.apache.catalina.startup.HostConfig.deployDirectory Diretório de instalação da aplicação web [/home/marcelo/Área de Trabalho/Tommcat/apache-tomcat-9.0.20/webapps/ROOT]
07-Jun-2019 09:40:33.033 INFORMAÇÕES [main] org.apache.catalina.startup.HostConfig.deployDirectory Deployment of web application directory [/home/marcelo/Área de Trabalho/Tommcat/apache-tomcat-9.0.20/webapps/ROOT] has finished in [56] ms
07-Jun-2019 09:40:33.053 INFORMAÇÕES [main] org.apache.coyote.AbstractProtocol.start Starting ProtocolHandler ["http-nio-8080"]
07-Jun-2019 09:40:33.125 INFORMAÇÕES [main] org.apache.coyote.AbstractProtocol.start Starting ProtocolHandler ["ajp-nio-8009"]
07-Jun-2019 09:40:33.154 INFORMAÇÕES [main] org.apache.catalina.startup.Catalina.start Server startup in [1.481] milliseconds
07-Jun-2019 09:40:46.492 INFORMAÇÕES [http-nio-8080-exec-6] org.apache.catalina.startup.HostConfig.deployDescriptor Deploying deployment descriptor [/home/marcelo/Área de Trabalho/Tommcat/apache-tomcat-9.0.20/conf/Catalina/localhost/WebApplication1.xml]
07-Jun-2019 09:40:46.493 ADVERTÊNCIA [http-nio-8080-exec-6] org.apache.catalina.startup.HostConfig.deployDescriptor The path attribute with value [/WebApplication1] in deployment descriptor [/home/marcelo/Área de Trabalho/Tommcat/apache-tomcat-9.0.20/conf/Catalina/localhost/WebApplication1.xml] has been ignored
07-Jun-2019 09:40:47.758 INFORMAÇÕES [http-nio-8080-exec-6] org.apache.jasper.servlet.TldScanner.scanJars At least one JAR was scanned for TLDs yet contained no TLDs. Enable debug logging for this logger for a complete list of JARs that were scanned but no TLDs were found in them. Skipping unneeded JARs during scanning can improve startup time and JSP compilation time.
07-Jun-2019 09:40:47.795 INFORMAÇÕES [http-nio-8080-exec-6] org.springframework.web.context.ContextLoader.initWebApplicationContext Root WebApplicationContext: initialization started
07-Jun-2019 09:40:47.940 INFORMAÇÕES [http-nio-8080-exec-6] org.springframework.context.support.AbstractApplicationContext.prepareRefresh Refreshing Root WebApplicationContext: startup date [Fri Jun 07 09:40:47 BRT 2019]; root of context hierarchy
07-Jun-2019 09:40:48.020 INFORMAÇÕES [http-nio-8080-exec-6] org.springframework.beans.factory.xml.XmlBeanDefinitionReader.loadBeanDefinitions Loading XML bean definitions from ServletContext resource [/WEB-INF/applicationContext.xml]
07-Jun-2019 09:40:48.288 INFORMAÇÕES [http-nio-8080-exec-6] org.springframework.web.context.ContextLoader.initWebApplicationContext Root WebApplicationContext: initialization completed in 493 ms
07-Jun-2019 09:40:48.309 INFORMAÇÕES [http-nio-8080-exec-6] org.springframework.web.servlet.FrameworkServlet.initServletBean FrameworkServlet 'dispatcher': initialization started
07-Jun-2019 09:40:48.316 INFORMAÇÕES [http-nio-8080-exec-6] org.springframework.context.support.AbstractApplicationContext.prepareRefresh Refreshing WebApplicationContext for namespace 'dispatcher-servlet': startup date [Fri Jun 07 09:40:48 BRT 2019]; parent: Root WebApplicationContext
07-Jun-2019 09:40:48.318 INFORMAÇÕES [http-nio-8080-exec-6] org.springframework.beans.factory.xml.XmlBeanDefinitionReader.loadBeanDefinitions Loading XML bean definitions from ServletContext resource [/WEB-INF/dispatcher-servlet.xml]
07-Jun-2019 09:40:48.475 INFORMAÇÕES [http-nio-8080-exec-6] org.springframework.web.servlet.handler.AbstractUrlHandlerMapping.registerHandler Mapped URL path [/index.htm] onto handler 'indexController'
07-Jun-2019 09:40:48.624 INFORMAÇÕES [http-nio-8080-exec-6] org.springframework.web.servlet.FrameworkServlet.initServletBean FrameworkServlet 'dispatcher': initialization completed in 315 ms
07-Jun-2019 09:40:48.627 INFORMAÇÕES [http-nio-8080-exec-6] org.apache.catalina.startup.HostConfig.deployDescriptor Deployment of deployment descriptor [/home/marcelo/Área de Trabalho/Tommcat/apache-tomcat-9.0.20/conf/Catalina/localhost/WebApplication1.xml] has finished in [2.140] ms
07-Jun-2019 09:40:48.638 INFORMAÇÕES [http-nio-8080-exec-9] org.apache.catalina.util.LifecycleBase.start The start() method was called on component [StandardEngine[Catalina].StandardHost[localhost].StandardContext[/WebApplication1]] after start() had already been called. The second call will be ignored.
07-Jun-2019 09:41:14.888 INFORMAÇÕES [http-nio-8080-exec-7] org.springframework.context.support.AbstractApplicationContext.doClose Closing WebApplicationContext for namespace 'dispatcher-servlet': startup date [Fri Jun 07 09:40:48 BRT 2019]; parent: Root WebApplicationContext
07-Jun-2019 09:41:14.916 INFORMAÇÕES [http-nio-8080-exec-7] org.springframework.context.support.AbstractApplicationContext.doClose Closing Root WebApplicationContext: startup date [Fri Jun 07 09:40:47 BRT 2019]; root of context hierarchy
07-Jun-2019 09:41:15.456 INFORMAÇÕES [http-nio-8080-exec-7] org.apache.catalina.startup.HostConfig.undeploy Undeploying context [/WebApplication1]
07-Jun-2019 09:45:18.660 INFORMAÇÕES [main] org.apache.catalina.core.StandardServer.await A valid shutdown command was received via the shutdown port. Stopping the Server instance.
07-Jun-2019 09:45:18.660 INFORMAÇÕES [main] org.apache.coyote.AbstractProtocol.pause Pausing ProtocolHandler ["http-nio-8080"]
07-Jun-2019 09:45:18.669 INFORMAÇÕES [main] org.apache.coyote.AbstractProtocol.pause Pausing ProtocolHandler ["ajp-nio-8009"]
07-Jun-2019 09:45:18.675 INFORMAÇÕES [main] org.apache.catalina.core.StandardService.stopInternal Stopping service [Catalina]
07-Jun-2019 09:45:18.705 INFORMAÇÕES [main] org.apache.coyote.AbstractProtocol.stop Stopping ProtocolHandler ["http-nio-8080"]
07-Jun-2019 09:45:18.713 INFORMAÇÕES [main] org.apache.coyote.AbstractProtocol.stop Stopping ProtocolHandler ["ajp-nio-8009"]
07-Jun-2019 09:45:18.715 INFORMAÇÕES [main] org.apache.coyote.AbstractProtocol.destroy Destroying ProtocolHandler ["http-nio-8080"]
07-Jun-2019 09:45:18.716 INFORMAÇÕES [main] org.apache.coyote.AbstractProtocol.destroy Destroying ProtocolHandler ["ajp-nio-8009"]
