12-Jun-2019 08:01:39.948 INFORMAÇÕES [main] org.apache.catalina.startup.VersionLoggerListener.log Server version name:   Apache Tomcat/9.0.20
12-Jun-2019 08:01:39.961 INFORMAÇÕES [main] org.apache.catalina.startup.VersionLoggerListener.log Server built:          May 3 2019 22:26:00 UTC
12-Jun-2019 08:01:39.961 INFORMAÇÕES [main] org.apache.catalina.startup.VersionLoggerListener.log Server version number: 9.0.20.0
12-Jun-2019 08:01:39.962 INFORMAÇÕES [main] org.apache.catalina.startup.VersionLoggerListener.log OS Name:               Linux
12-Jun-2019 08:01:39.962 INFORMAÇÕES [main] org.apache.catalina.startup.VersionLoggerListener.log OS Version:            4.18.0-21-generic
12-Jun-2019 08:01:39.962 INFORMAÇÕES [main] org.apache.catalina.startup.VersionLoggerListener.log Architecture:          amd64
12-Jun-2019 08:01:39.962 INFORMAÇÕES [main] org.apache.catalina.startup.VersionLoggerListener.log Java Home:             /home/marcelo/jdk1.8.0_111/jre
12-Jun-2019 08:01:39.962 INFORMAÇÕES [main] org.apache.catalina.startup.VersionLoggerListener.log JVM Version:           1.8.0_111-b14
12-Jun-2019 08:01:39.962 INFORMAÇÕES [main] org.apache.catalina.startup.VersionLoggerListener.log JVM Vendor:            Oracle Corporation
12-Jun-2019 08:01:39.963 INFORMAÇÕES [main] org.apache.catalina.startup.VersionLoggerListener.log CATALINA_BASE:         /home/marcelo/Área de Trabalho/Tommcat/apache-tomcat-9.0.20
12-Jun-2019 08:01:39.963 INFORMAÇÕES [main] org.apache.catalina.startup.VersionLoggerListener.log CATALINA_HOME:         /home/marcelo/Área de Trabalho/Tommcat/apache-tomcat-9.0.20
12-Jun-2019 08:01:39.968 INFORMAÇÕES [main] org.apache.catalina.startup.VersionLoggerListener.log Command line argument: -Djava.util.logging.config.file=/home/marcelo/Área de Trabalho/Tommcat/apache-tomcat-9.0.20/conf/logging.properties
12-Jun-2019 08:01:39.969 INFORMAÇÕES [main] org.apache.catalina.startup.VersionLoggerListener.log Command line argument: -Djava.util.logging.manager=org.apache.juli.ClassLoaderLogManager
12-Jun-2019 08:01:39.969 INFORMAÇÕES [main] org.apache.catalina.startup.VersionLoggerListener.log Command line argument: -Dhttp.nonProxyHosts=localhost|127.0.0.1|marcelo
12-Jun-2019 08:01:39.969 INFORMAÇÕES [main] org.apache.catalina.startup.VersionLoggerListener.log Command line argument: -Djdk.tls.ephemeralDHKeySize=2048
12-Jun-2019 08:01:39.969 INFORMAÇÕES [main] org.apache.catalina.startup.VersionLoggerListener.log Command line argument: -Djava.protocol.handler.pkgs=org.apache.catalina.webresources
12-Jun-2019 08:01:39.969 INFORMAÇÕES [main] org.apache.catalina.startup.VersionLoggerListener.log Command line argument: -Dorg.apache.catalina.security.SecurityListener.UMASK=0027
12-Jun-2019 08:01:39.969 INFORMAÇÕES [main] org.apache.catalina.startup.VersionLoggerListener.log Command line argument: -Dignore.endorsed.dirs=
12-Jun-2019 08:01:39.970 INFORMAÇÕES [main] org.apache.catalina.startup.VersionLoggerListener.log Command line argument: -Dcatalina.base=/home/marcelo/Área de Trabalho/Tommcat/apache-tomcat-9.0.20
12-Jun-2019 08:01:39.970 INFORMAÇÕES [main] org.apache.catalina.startup.VersionLoggerListener.log Command line argument: -Dcatalina.home=/home/marcelo/Área de Trabalho/Tommcat/apache-tomcat-9.0.20
12-Jun-2019 08:01:39.970 INFORMAÇÕES [main] org.apache.catalina.startup.VersionLoggerListener.log Command line argument: -Djava.io.tmpdir=/home/marcelo/Área de Trabalho/Tommcat/apache-tomcat-9.0.20/temp
12-Jun-2019 08:01:39.970 INFORMAÇÕES [main] org.apache.catalina.core.AprLifecycleListener.lifecycleEvent The APR based Apache Tomcat Native library which allows optimal performance in production environments was not found on the java.library.path: [/home/marcelo/jdk1.8.0_111/jre/lib/amd64:/home/marcelo/jdk1.8.0_111/jre/lib/i386::/usr/java/packages/lib/amd64:/usr/lib64:/lib64:/lib:/usr/lib]
12-Jun-2019 08:01:40.783 INFORMAÇÕES [main] org.apache.coyote.AbstractProtocol.init Initializing ProtocolHandler ["http-nio-8080"]
12-Jun-2019 08:01:40.836 INFORMAÇÕES [main] org.apache.coyote.AbstractProtocol.init Initializing ProtocolHandler ["ajp-nio-8009"]
12-Jun-2019 08:01:40.861 INFORMAÇÕES [main] org.apache.catalina.startup.Catalina.load Server initialization in [2.083] milliseconds
12-Jun-2019 08:01:41.002 INFORMAÇÕES [main] org.apache.catalina.core.StandardService.startInternal Starting service [Catalina]
12-Jun-2019 08:01:41.003 INFORMAÇÕES [main] org.apache.catalina.core.StandardEngine.startInternal Starting Servlet engine: [Apache Tomcat/9.0.20]
12-Jun-2019 08:01:41.030 INFORMAÇÕES [main] org.apache.catalina.startup.HostConfig.deployDescriptor Deploying deployment descriptor [/home/marcelo/Área de Trabalho/Tommcat/apache-tomcat-9.0.20/conf/Catalina/localhost/AutopecasServelet.xml]
12-Jun-2019 08:01:41.082 ADVERTÊNCIA [main] org.apache.catalina.startup.HostConfig.deployDescriptor The path attribute with value [/AutopecasServelet] in deployment descriptor [/home/marcelo/Área de Trabalho/Tommcat/apache-tomcat-9.0.20/conf/Catalina/localhost/AutopecasServelet.xml] has been ignored
12-Jun-2019 08:01:41.588 INFORMAÇÕES [main] org.apache.catalina.startup.HostConfig.deployDescriptor Deployment of deployment descriptor [/home/marcelo/Área de Trabalho/Tommcat/apache-tomcat-9.0.20/conf/Catalina/localhost/AutopecasServelet.xml] has finished in [558] ms
12-Jun-2019 08:01:41.588 INFORMAÇÕES [main] org.apache.catalina.startup.HostConfig.deployDescriptor Deploying deployment descriptor [/home/marcelo/Área de Trabalho/Tommcat/apache-tomcat-9.0.20/conf/Catalina/localhost/ServletHTML.xml]
12-Jun-2019 08:01:41.589 ADVERTÊNCIA [main] org.apache.catalina.startup.HostConfig.deployDescriptor The path attribute with value [/ServletHTML] in deployment descriptor [/home/marcelo/Área de Trabalho/Tommcat/apache-tomcat-9.0.20/conf/Catalina/localhost/ServletHTML.xml] has been ignored
12-Jun-2019 08:01:41.762 INFORMAÇÕES [main] org.apache.jasper.servlet.TldScanner.scanJars At least one JAR was scanned for TLDs yet contained no TLDs. Enable debug logging for this logger for a complete list of JARs that were scanned but no TLDs were found in them. Skipping unneeded JARs during scanning can improve startup time and JSP compilation time.
12-Jun-2019 08:01:41.798 INFORMAÇÕES [main] org.apache.catalina.startup.HostConfig.deployDescriptor Deployment of deployment descriptor [/home/marcelo/Área de Trabalho/Tommcat/apache-tomcat-9.0.20/conf/Catalina/localhost/ServletHTML.xml] has finished in [210] ms
12-Jun-2019 08:01:41.805 INFORMAÇÕES [main] org.apache.catalina.startup.HostConfig.deployDescriptor Deploying deployment descriptor [/home/marcelo/Área de Trabalho/Tommcat/apache-tomcat-9.0.20/conf/Catalina/localhost/WebApplication.xml]
12-Jun-2019 08:01:41.807 ADVERTÊNCIA [main] org.apache.catalina.startup.HostConfig.deployDescriptor The path attribute with value [/WebApplication] in deployment descriptor [/home/marcelo/Área de Trabalho/Tommcat/apache-tomcat-9.0.20/conf/Catalina/localhost/WebApplication.xml] has been ignored
12-Jun-2019 08:01:41.830 GRAVE [main] org.apache.catalina.startup.HostConfig.deployDescriptor Error deploying deployment descriptor [/home/marcelo/Área de Trabalho/Tommcat/apache-tomcat-9.0.20/conf/Catalina/localhost/WebApplication.xml]
	java.lang.IllegalStateException: Error starting child
		at org.apache.catalina.core.ContainerBase.addChildInternal(ContainerBase.java:716)
		at org.apache.catalina.core.ContainerBase.addChild(ContainerBase.java:690)
		at org.apache.catalina.core.StandardHost.addChild(StandardHost.java:705)
		at org.apache.catalina.startup.HostConfig.deployDescriptor(HostConfig.java:631)
		at org.apache.catalina.startup.HostConfig$DeployDescriptor.run(HostConfig.java:1831)
		at java.util.concurrent.Executors$RunnableAdapter.call(Executors.java:511)
		at java.util.concurrent.FutureTask.run(FutureTask.java:266)
		at org.apache.tomcat.util.threads.InlineExecutorService.execute(InlineExecutorService.java:75)
		at java.util.concurrent.AbstractExecutorService.submit(AbstractExecutorService.java:112)
		at org.apache.catalina.startup.HostConfig.deployDescriptors(HostConfig.java:526)
		at org.apache.catalina.startup.HostConfig.deployApps(HostConfig.java:425)
		at org.apache.catalina.startup.HostConfig.start(HostConfig.java:1576)
		at org.apache.catalina.startup.HostConfig.lifecycleEvent(HostConfig.java:309)
		at org.apache.catalina.util.LifecycleBase.fireLifecycleEvent(LifecycleBase.java:123)
		at org.apache.catalina.util.LifecycleBase.setStateInternal(LifecycleBase.java:423)
		at org.apache.catalina.util.LifecycleBase.setState(LifecycleBase.java:366)
		at org.apache.catalina.core.ContainerBase.startInternal(ContainerBase.java:929)
		at org.apache.catalina.core.StandardHost.startInternal(StandardHost.java:841)
		at org.apache.catalina.util.LifecycleBase.start(LifecycleBase.java:183)
		at org.apache.catalina.core.ContainerBase$StartChild.call(ContainerBase.java:1377)
		at org.apache.catalina.core.ContainerBase$StartChild.call(ContainerBase.java:1367)
		at java.util.concurrent.FutureTask.run(FutureTask.java:266)
		at org.apache.tomcat.util.threads.InlineExecutorService.execute(InlineExecutorService.java:75)
		at java.util.concurrent.AbstractExecutorService.submit(AbstractExecutorService.java:134)
		at org.apache.catalina.core.ContainerBase.startInternal(ContainerBase.java:902)
		at org.apache.catalina.core.StandardEngine.startInternal(StandardEngine.java:262)
		at org.apache.catalina.util.LifecycleBase.start(LifecycleBase.java:183)
		at org.apache.catalina.core.StandardService.startInternal(StandardService.java:421)
		at org.apache.catalina.util.LifecycleBase.start(LifecycleBase.java:183)
		at org.apache.catalina.core.StandardServer.startInternal(StandardServer.java:932)
		at org.apache.catalina.util.LifecycleBase.start(LifecycleBase.java:183)
		at org.apache.catalina.startup.Catalina.start(Catalina.java:633)
		at sun.reflect.NativeMethodAccessorImpl.invoke0(Native Method)
		at sun.reflect.NativeMethodAccessorImpl.invoke(NativeMethodAccessorImpl.java:62)
		at sun.reflect.DelegatingMethodAccessorImpl.invoke(DelegatingMethodAccessorImpl.java:43)
		at java.lang.reflect.Method.invoke(Method.java:498)
		at org.apache.catalina.startup.Bootstrap.start(Bootstrap.java:344)
		at org.apache.catalina.startup.Bootstrap.main(Bootstrap.java:475)
	Caused by: org.apache.catalina.LifecycleException: Failed to start component [org.apache.catalina.webresources.StandardRoot@6fe7aac8]
		at org.apache.catalina.util.LifecycleBase.handleSubClassException(LifecycleBase.java:440)
		at org.apache.catalina.util.LifecycleBase.start(LifecycleBase.java:198)
		at org.apache.catalina.core.StandardContext.resourcesStart(StandardContext.java:4797)
		at org.apache.catalina.core.StandardContext.startInternal(StandardContext.java:4932)
		at org.apache.catalina.util.LifecycleBase.start(LifecycleBase.java:183)
		at org.apache.catalina.core.ContainerBase.addChildInternal(ContainerBase.java:713)
		... 37 more
	Caused by: java.lang.IllegalArgumentException: The main resource set specified [/home/marcelo/NetBeansProjects/WebApplication/build/web] is not valid
		at org.apache.catalina.webresources.StandardRoot.createMainResourceSet(StandardRoot.java:749)
		at org.apache.catalina.webresources.StandardRoot.startInternal(StandardRoot.java:706)
		at org.apache.catalina.util.LifecycleBase.start(LifecycleBase.java:183)
		... 41 more
12-Jun-2019 08:01:41.835 INFORMAÇÕES [main] org.apache.catalina.startup.HostConfig.deployDescriptor Deployment of deployment descriptor [/home/marcelo/Área de Trabalho/Tommcat/apache-tomcat-9.0.20/conf/Catalina/localhost/WebApplication.xml] has finished in [30] ms
12-Jun-2019 08:01:41.845 INFORMAÇÕES [main] org.apache.catalina.startup.HostConfig.deployDirectory Diretório de instalação da aplicação web [/home/marcelo/Área de Trabalho/Tommcat/apache-tomcat-9.0.20/webapps/host-manager]
12-Jun-2019 08:01:41.937 INFORMAÇÕES [main] org.apache.catalina.startup.HostConfig.deployDirectory Deployment of web application directory [/home/marcelo/Área de Trabalho/Tommcat/apache-tomcat-9.0.20/webapps/host-manager] has finished in [92] ms
12-Jun-2019 08:01:41.938 INFORMAÇÕES [main] org.apache.catalina.startup.HostConfig.deployDirectory Diretório de instalação da aplicação web [/home/marcelo/Área de Trabalho/Tommcat/apache-tomcat-9.0.20/webapps/manager]
12-Jun-2019 08:01:42.009 INFORMAÇÕES [main] org.apache.catalina.startup.HostConfig.deployDirectory Deployment of web application directory [/home/marcelo/Área de Trabalho/Tommcat/apache-tomcat-9.0.20/webapps/manager] has finished in [71] ms
12-Jun-2019 08:01:42.010 INFORMAÇÕES [main] org.apache.catalina.startup.HostConfig.deployDirectory Diretório de instalação da aplicação web [/home/marcelo/Área de Trabalho/Tommcat/apache-tomcat-9.0.20/webapps/examples]
12-Jun-2019 08:01:42.717 INFORMAÇÕES [main] org.apache.catalina.startup.HostConfig.deployDirectory Deployment of web application directory [/home/marcelo/Área de Trabalho/Tommcat/apache-tomcat-9.0.20/webapps/examples] has finished in [707] ms
12-Jun-2019 08:01:42.717 INFORMAÇÕES [main] org.apache.catalina.startup.HostConfig.deployDirectory Diretório de instalação da aplicação web [/home/marcelo/Área de Trabalho/Tommcat/apache-tomcat-9.0.20/webapps/docs]
12-Jun-2019 08:01:42.744 INFORMAÇÕES [main] org.apache.catalina.startup.HostConfig.deployDirectory Deployment of web application directory [/home/marcelo/Área de Trabalho/Tommcat/apache-tomcat-9.0.20/webapps/docs] has finished in [27] ms
12-Jun-2019 08:01:42.744 INFORMAÇÕES [main] org.apache.catalina.startup.HostConfig.deployDirectory Diretório de instalação da aplicação web [/home/marcelo/Área de Trabalho/Tommcat/apache-tomcat-9.0.20/webapps/ROOT]
12-Jun-2019 08:01:42.771 INFORMAÇÕES [main] org.apache.catalina.startup.HostConfig.deployDirectory Deployment of web application directory [/home/marcelo/Área de Trabalho/Tommcat/apache-tomcat-9.0.20/webapps/ROOT] has finished in [27] ms
12-Jun-2019 08:01:42.779 INFORMAÇÕES [main] org.apache.coyote.AbstractProtocol.start Starting ProtocolHandler ["http-nio-8080"]
12-Jun-2019 08:01:42.900 INFORMAÇÕES [main] org.apache.coyote.AbstractProtocol.start Starting ProtocolHandler ["ajp-nio-8009"]
12-Jun-2019 08:01:42.958 INFORMAÇÕES [main] org.apache.catalina.startup.Catalina.start Server startup in [2.097] milliseconds
12-Jun-2019 08:15:11.134 INFORMAÇÕES [http-nio-8080-exec-3] org.apache.catalina.core.StandardContext.reload Reloading Context with name [/AutopecasServelet] has started
12-Jun-2019 08:15:11.211 INFORMAÇÕES [http-nio-8080-exec-3] org.apache.catalina.core.StandardContext.reload Reloading Context with name [/AutopecasServelet] is completed
12-Jun-2019 08:18:04.097 INFORMAÇÕES [http-nio-8080-exec-9] org.apache.catalina.core.StandardContext.reload Reloading Context with name [/AutopecasServelet] has started
12-Jun-2019 08:18:04.145 INFORMAÇÕES [http-nio-8080-exec-9] org.apache.catalina.core.StandardContext.reload Reloading Context with name [/AutopecasServelet] is completed
12-Jun-2019 08:23:05.325 INFORMAÇÕES [http-nio-8080-exec-17] org.apache.catalina.core.StandardContext.reload Reloading Context with name [/AutopecasServelet] has started
12-Jun-2019 08:23:05.417 INFORMAÇÕES [http-nio-8080-exec-17] org.apache.catalina.core.StandardContext.reload Reloading Context with name [/AutopecasServelet] is completed
12-Jun-2019 08:23:13.280 INFORMAÇÕES [Catalina-utility-1] org.apache.catalina.startup.HostConfig.reload Reloading context [/AutopecasServelet]
12-Jun-2019 08:23:13.280 INFORMAÇÕES [Catalina-utility-1] org.apache.catalina.core.StandardContext.reload Reloading Context with name [/AutopecasServelet] has started
12-Jun-2019 08:23:13.324 INFORMAÇÕES [Catalina-utility-1] org.apache.catalina.core.StandardContext.reload Reloading Context with name [/AutopecasServelet] is completed
12-Jun-2019 08:23:23.326 INFORMAÇÕES [Catalina-utility-1] org.apache.catalina.startup.HostConfig.reload Reloading context [/AutopecasServelet]
12-Jun-2019 08:23:23.326 INFORMAÇÕES [Catalina-utility-1] org.apache.catalina.core.StandardContext.reload Reloading Context with name [/AutopecasServelet] has started
12-Jun-2019 08:23:23.413 INFORMAÇÕES [Catalina-utility-1] org.apache.catalina.core.StandardContext.reload Reloading Context with name [/AutopecasServelet] is completed
12-Jun-2019 08:23:23.576 INFORMAÇÕES [http-nio-8080-exec-18] org.apache.catalina.core.StandardContext.reload Reloading Context with name [/AutopecasServelet] has started
12-Jun-2019 08:23:23.605 INFORMAÇÕES [http-nio-8080-exec-18] org.apache.catalina.core.StandardContext.reload Reloading Context with name [/AutopecasServelet] is completed
12-Jun-2019 08:23:44.965 INFORMAÇÕES [http-nio-8080-exec-17] org.apache.catalina.core.StandardContext.reload Reloading Context with name [/AutopecasServelet] has started
12-Jun-2019 08:23:45.014 INFORMAÇÕES [http-nio-8080-exec-17] org.apache.catalina.core.StandardContext.reload Reloading Context with name [/AutopecasServelet] is completed
12-Jun-2019 08:27:53.496 INFORMAÇÕES [Catalina-utility-1] org.apache.catalina.startup.HostConfig.reload Reloading context [/AutopecasServelet]
12-Jun-2019 08:27:53.516 GRAVE [Catalina-utility-1] org.apache.catalina.startup.HostConfig.reload Error during context [/AutopecasServelet] restart
	org.apache.catalina.LifecycleException: Failed to start component [StandardEngine[Catalina].StandardHost[localhost].StandardContext[/AutopecasServelet]]
		at org.apache.catalina.util.LifecycleBase.handleSubClassException(LifecycleBase.java:440)
		at org.apache.catalina.util.LifecycleBase.start(LifecycleBase.java:198)
		at org.apache.catalina.startup.HostConfig.reload(HostConfig.java:1412)
		at org.apache.catalina.startup.HostConfig.checkResources(HostConfig.java:1376)
		at org.apache.catalina.startup.HostConfig.check(HostConfig.java:1611)
		at org.apache.catalina.startup.HostConfig.lifecycleEvent(HostConfig.java:305)
		at org.apache.catalina.util.LifecycleBase.fireLifecycleEvent(LifecycleBase.java:123)
		at org.apache.catalina.core.ContainerBase.backgroundProcess(ContainerBase.java:1144)
		at org.apache.catalina.core.ContainerBase$ContainerBackgroundProcessor.processChildren(ContainerBase.java:1346)
		at org.apache.catalina.core.ContainerBase$ContainerBackgroundProcessor.processChildren(ContainerBase.java:1350)
		at org.apache.catalina.core.ContainerBase$ContainerBackgroundProcessor.run(ContainerBase.java:1328)
		at java.util.concurrent.Executors$RunnableAdapter.call(Executors.java:511)
		at java.util.concurrent.FutureTask.runAndReset(FutureTask.java:308)
		at java.util.concurrent.ScheduledThreadPoolExecutor$ScheduledFutureTask.access$301(ScheduledThreadPoolExecutor.java:180)
		at java.util.concurrent.ScheduledThreadPoolExecutor$ScheduledFutureTask.run(ScheduledThreadPoolExecutor.java:294)
		at java.util.concurrent.ThreadPoolExecutor.runWorker(ThreadPoolExecutor.java:1142)
		at java.util.concurrent.ThreadPoolExecutor$Worker.run(ThreadPoolExecutor.java:617)
		at org.apache.tomcat.util.threads.TaskThread$WrappingRunnable.run(TaskThread.java:61)
		at java.lang.Thread.run(Thread.java:745)
	Caused by: java.lang.IllegalArgumentException: Servlet mapping specifies an unknown servlet name [CadastroCliente]
		at org.apache.catalina.core.StandardContext.addServletMappingDecoded(StandardContext.java:3171)
		at org.apache.catalina.Context.addServletMappingDecoded(Context.java:881)
		at org.apache.catalina.startup.ContextConfig.configureContext(ContextConfig.java:1392)
		at org.apache.catalina.startup.ContextConfig.webConfig(ContextConfig.java:1169)
		at org.apache.catalina.startup.ContextConfig.configureStart(ContextConfig.java:775)
		at org.apache.catalina.startup.ContextConfig.lifecycleEvent(ContextConfig.java:301)
		at org.apache.catalina.util.LifecycleBase.fireLifecycleEvent(LifecycleBase.java:123)
		at org.apache.catalina.core.StandardContext.startInternal(StandardContext.java:5048)
		at org.apache.catalina.util.LifecycleBase.start(LifecycleBase.java:183)
		... 17 more
12-Jun-2019 08:28:16.081 INFORMAÇÕES [http-nio-8080-exec-29] org.apache.catalina.startup.HostConfig.undeploy Undeploying context [/AutopecasServelet]
12-Jun-2019 08:28:16.106 INFORMAÇÕES [http-nio-8080-exec-34] org.apache.catalina.startup.HostConfig.deployDescriptor Deploying deployment descriptor [/home/marcelo/Área de Trabalho/Tommcat/apache-tomcat-9.0.20/conf/Catalina/localhost/AutopecasServelet.xml]
12-Jun-2019 08:28:16.107 ADVERTÊNCIA [http-nio-8080-exec-34] org.apache.catalina.startup.HostConfig.deployDescriptor The path attribute with value [/AutopecasServelet] in deployment descriptor [/home/marcelo/Área de Trabalho/Tommcat/apache-tomcat-9.0.20/conf/Catalina/localhost/AutopecasServelet.xml] has been ignored
12-Jun-2019 08:28:16.159 INFORMAÇÕES [http-nio-8080-exec-34] org.apache.catalina.startup.HostConfig.deployDescriptor Deployment of deployment descriptor [/home/marcelo/Área de Trabalho/Tommcat/apache-tomcat-9.0.20/conf/Catalina/localhost/AutopecasServelet.xml] has finished in [53] ms
12-Jun-2019 08:28:16.173 INFORMAÇÕES [http-nio-8080-exec-35] org.apache.catalina.util.LifecycleBase.start The start() method was called on component [StandardEngine[Catalina].StandardHost[localhost].StandardContext[/AutopecasServelet]] after start() had already been called. The second call will be ignored.
12-Jun-2019 08:29:20.790 INFORMAÇÕES [http-nio-8080-exec-35] org.apache.catalina.core.StandardContext.reload Reloading Context with name [/AutopecasServelet] has started
12-Jun-2019 08:29:20.820 INFORMAÇÕES [http-nio-8080-exec-35] org.apache.catalina.core.StandardContext.reload Reloading Context with name [/AutopecasServelet] is completed
12-Jun-2019 08:29:23.546 INFORMAÇÕES [Catalina-utility-2] org.apache.catalina.startup.HostConfig.reload Reloading context [/AutopecasServelet]
12-Jun-2019 08:29:23.547 INFORMAÇÕES [Catalina-utility-2] org.apache.catalina.core.StandardContext.reload Reloading Context with name [/AutopecasServelet] has started
12-Jun-2019 08:29:23.576 INFORMAÇÕES [Catalina-utility-2] org.apache.catalina.core.StandardContext.reload Reloading Context with name [/AutopecasServelet] is completed
12-Jun-2019 08:29:31.537 INFORMAÇÕES [http-nio-8080-exec-41] org.apache.catalina.core.StandardContext.reload Reloading Context with name [/AutopecasServelet] has started
12-Jun-2019 08:29:31.606 INFORMAÇÕES [http-nio-8080-exec-41] org.apache.catalina.core.StandardContext.reload Reloading Context with name [/AutopecasServelet] is completed
12-Jun-2019 08:29:33.579 INFORMAÇÕES [Catalina-utility-1] org.apache.catalina.startup.HostConfig.reload Reloading context [/AutopecasServelet]
12-Jun-2019 08:29:33.579 INFORMAÇÕES [Catalina-utility-1] org.apache.catalina.core.StandardContext.reload Reloading Context with name [/AutopecasServelet] has started
12-Jun-2019 08:29:33.605 INFORMAÇÕES [Catalina-utility-1] org.apache.catalina.core.StandardContext.reload Reloading Context with name [/AutopecasServelet] is completed
12-Jun-2019 08:34:23.692 INFORMAÇÕES [Catalina-utility-2] org.apache.catalina.startup.HostConfig.reload Reloading context [/AutopecasServelet]
12-Jun-2019 08:34:23.692 INFORMAÇÕES [Catalina-utility-2] org.apache.catalina.core.StandardContext.reload Reloading Context with name [/AutopecasServelet] has started
12-Jun-2019 08:34:23.721 INFORMAÇÕES [Catalina-utility-2] org.apache.catalina.core.StandardContext.reload Reloading Context with name [/AutopecasServelet] is completed
12-Jun-2019 08:35:17.787 INFORMAÇÕES [http-nio-8080-exec-42] org.apache.catalina.startup.HostConfig.undeploy Undeploying context [/AutopecasServelet]
12-Jun-2019 08:35:31.750 INFORMAÇÕES [http-nio-8080-exec-59] org.apache.catalina.startup.HostConfig.deployDescriptor Deploying deployment descriptor [/home/marcelo/Área de Trabalho/Tommcat/apache-tomcat-9.0.20/conf/Catalina/localhost/AutopecasServelet.xml]
12-Jun-2019 08:35:31.751 ADVERTÊNCIA [http-nio-8080-exec-59] org.apache.catalina.startup.HostConfig.deployDescriptor The path attribute with value [/AutopecasServelet] in deployment descriptor [/home/marcelo/Área de Trabalho/Tommcat/apache-tomcat-9.0.20/conf/Catalina/localhost/AutopecasServelet.xml] has been ignored
12-Jun-2019 08:35:31.859 INFORMAÇÕES [http-nio-8080-exec-59] org.apache.catalina.startup.HostConfig.deployDescriptor Deployment of deployment descriptor [/home/marcelo/Área de Trabalho/Tommcat/apache-tomcat-9.0.20/conf/Catalina/localhost/AutopecasServelet.xml] has finished in [110] ms
12-Jun-2019 08:35:31.866 INFORMAÇÕES [http-nio-8080-exec-55] org.apache.catalina.util.LifecycleBase.start The start() method was called on component [StandardEngine[Catalina].StandardHost[localhost].StandardContext[/AutopecasServelet]] after start() had already been called. The second call will be ignored.
12-Jun-2019 08:39:37.901 INFORMAÇÕES [http-nio-8080-exec-60] org.apache.catalina.core.StandardContext.reload Reloading Context with name [/AutopecasServelet] has started
12-Jun-2019 08:39:37.942 INFORMAÇÕES [http-nio-8080-exec-60] org.apache.catalina.core.StandardContext.reload Reloading Context with name [/AutopecasServelet] is completed
12-Jun-2019 08:40:52.676 INFORMAÇÕES [http-nio-8080-exec-61] org.apache.catalina.core.StandardContext.reload Reloading Context with name [/AutopecasServelet] has started
12-Jun-2019 08:40:52.701 INFORMAÇÕES [http-nio-8080-exec-61] org.apache.catalina.core.StandardContext.reload Reloading Context with name [/AutopecasServelet] is completed
12-Jun-2019 08:43:04.968 INFORMAÇÕES [http-nio-8080-exec-81] org.apache.catalina.core.StandardContext.reload Reloading Context with name [/AutopecasServelet] has started
12-Jun-2019 08:43:04.995 INFORMAÇÕES [http-nio-8080-exec-81] org.apache.catalina.core.StandardContext.reload Reloading Context with name [/AutopecasServelet] is completed
12-Jun-2019 08:44:47.425 INFORMAÇÕES [http-nio-8080-exec-83] org.apache.catalina.core.StandardContext.reload Reloading Context with name [/AutopecasServelet] has started
12-Jun-2019 08:44:47.449 INFORMAÇÕES [http-nio-8080-exec-83] org.apache.catalina.core.StandardContext.reload Reloading Context with name [/AutopecasServelet] is completed
12-Jun-2019 08:45:06.621 INFORMAÇÕES [http-nio-8080-exec-66] org.apache.catalina.core.StandardContext.reload Reloading Context with name [/AutopecasServelet] has started
12-Jun-2019 08:45:06.645 INFORMAÇÕES [http-nio-8080-exec-66] org.apache.catalina.core.StandardContext.reload Reloading Context with name [/AutopecasServelet] is completed
12-Jun-2019 08:45:07.853 INFORMAÇÕES [http-nio-8080-exec-74] org.apache.catalina.core.StandardContext.reload Reloading Context with name [/AutopecasServelet] has started
12-Jun-2019 08:45:07.882 INFORMAÇÕES [http-nio-8080-exec-74] org.apache.catalina.core.StandardContext.reload Reloading Context with name [/AutopecasServelet] is completed
12-Jun-2019 08:46:20.056 INFORMAÇÕES [http-nio-8080-exec-90] org.apache.catalina.core.StandardContext.reload Reloading Context with name [/AutopecasServelet] has started
12-Jun-2019 08:46:20.084 INFORMAÇÕES [http-nio-8080-exec-90] org.apache.catalina.core.StandardContext.reload Reloading Context with name [/AutopecasServelet] is completed
12-Jun-2019 08:47:11.190 INFORMAÇÕES [http-nio-8080-exec-76] org.apache.catalina.core.StandardContext.reload Reloading Context with name [/AutopecasServelet] has started
12-Jun-2019 08:47:11.221 INFORMAÇÕES [http-nio-8080-exec-76] org.apache.catalina.core.StandardContext.reload Reloading Context with name [/AutopecasServelet] is completed
12-Jun-2019 08:47:55.473 INFORMAÇÕES [http-nio-8080-exec-89] org.apache.catalina.core.StandardContext.reload Reloading Context with name [/AutopecasServelet] has started
12-Jun-2019 08:47:55.518 INFORMAÇÕES [http-nio-8080-exec-89] org.apache.catalina.core.StandardContext.reload Reloading Context with name [/AutopecasServelet] is completed
12-Jun-2019 08:47:59.782 INFORMAÇÕES [http-nio-8080-exec-76] org.apache.catalina.core.StandardContext.reload Reloading Context with name [/AutopecasServelet] has started
12-Jun-2019 08:47:59.806 INFORMAÇÕES [http-nio-8080-exec-76] org.apache.catalina.core.StandardContext.reload Reloading Context with name [/AutopecasServelet] is completed
12-Jun-2019 08:48:52.339 INFORMAÇÕES [http-nio-8080-exec-66] org.apache.catalina.core.StandardContext.reload Reloading Context with name [/AutopecasServelet] has started
12-Jun-2019 08:48:52.366 INFORMAÇÕES [http-nio-8080-exec-66] org.apache.catalina.core.StandardContext.reload Reloading Context with name [/AutopecasServelet] is completed
12-Jun-2019 08:49:32.055 INFORMAÇÕES [http-nio-8080-exec-89] org.apache.catalina.core.StandardContext.reload Reloading Context with name [/AutopecasServelet] has started
12-Jun-2019 08:49:32.077 INFORMAÇÕES [http-nio-8080-exec-89] org.apache.catalina.core.StandardContext.reload Reloading Context with name [/AutopecasServelet] is completed
12-Jun-2019 08:50:01.709 INFORMAÇÕES [http-nio-8080-exec-66] org.apache.catalina.core.StandardContext.reload Reloading Context with name [/AutopecasServelet] has started
12-Jun-2019 08:50:01.739 INFORMAÇÕES [http-nio-8080-exec-66] org.apache.catalina.core.StandardContext.reload Reloading Context with name [/AutopecasServelet] is completed
12-Jun-2019 08:50:19.503 INFORMAÇÕES [http-nio-8080-exec-89] org.apache.catalina.core.StandardContext.reload Reloading Context with name [/AutopecasServelet] has started
12-Jun-2019 08:50:19.533 INFORMAÇÕES [http-nio-8080-exec-89] org.apache.catalina.core.StandardContext.reload Reloading Context with name [/AutopecasServelet] is completed
12-Jun-2019 08:51:22.897 INFORMAÇÕES [http-nio-8080-exec-93] org.apache.catalina.core.StandardContext.reload Reloading Context with name [/AutopecasServelet] has started
12-Jun-2019 08:51:22.923 INFORMAÇÕES [http-nio-8080-exec-93] org.apache.catalina.core.StandardContext.reload Reloading Context with name [/AutopecasServelet] is completed
12-Jun-2019 08:54:08.736 INFORMAÇÕES [http-nio-8080-exec-94] org.apache.catalina.core.StandardContext.reload Reloading Context with name [/AutopecasServelet] has started
12-Jun-2019 08:54:08.768 INFORMAÇÕES [http-nio-8080-exec-94] org.apache.catalina.core.StandardContext.reload Reloading Context with name [/AutopecasServelet] is completed
12-Jun-2019 08:54:30.910 INFORMAÇÕES [http-nio-8080-exec-100] org.apache.catalina.core.StandardContext.reload Reloading Context with name [/AutopecasServelet] has started
12-Jun-2019 08:54:30.935 INFORMAÇÕES [http-nio-8080-exec-100] org.apache.catalina.core.StandardContext.reload Reloading Context with name [/AutopecasServelet] is completed
12-Jun-2019 08:55:53.416 INFORMAÇÕES [http-nio-8080-exec-100] org.apache.catalina.core.StandardContext.reload Reloading Context with name [/AutopecasServelet] has started
12-Jun-2019 08:55:53.445 INFORMAÇÕES [http-nio-8080-exec-100] org.apache.catalina.core.StandardContext.reload Reloading Context with name [/AutopecasServelet] is completed
12-Jun-2019 08:55:57.433 INFORMAÇÕES [main] org.apache.catalina.core.StandardServer.await A valid shutdown command was received via the shutdown port. Stopping the Server instance.
12-Jun-2019 08:55:57.434 INFORMAÇÕES [main] org.apache.coyote.AbstractProtocol.pause Pausing ProtocolHandler ["http-nio-8080"]
12-Jun-2019 08:55:57.439 INFORMAÇÕES [main] org.apache.coyote.AbstractProtocol.pause Pausing ProtocolHandler ["ajp-nio-8009"]
12-Jun-2019 08:55:57.440 INFORMAÇÕES [main] org.apache.catalina.core.StandardService.stopInternal Stopping service [Catalina]
12-Jun-2019 08:55:57.459 INFORMAÇÕES [main] org.apache.coyote.AbstractProtocol.stop Stopping ProtocolHandler ["http-nio-8080"]
12-Jun-2019 08:55:57.463 INFORMAÇÕES [main] org.apache.coyote.AbstractProtocol.stop Stopping ProtocolHandler ["ajp-nio-8009"]
12-Jun-2019 08:55:57.466 INFORMAÇÕES [main] org.apache.coyote.AbstractProtocol.destroy Destroying ProtocolHandler ["http-nio-8080"]
12-Jun-2019 08:55:57.468 INFORMAÇÕES [main] org.apache.coyote.AbstractProtocol.destroy Destroying ProtocolHandler ["ajp-nio-8009"]
12-Jun-2019 09:11:47.657 INFORMAÇÕES [main] org.apache.catalina.startup.VersionLoggerListener.log Server version name:   Apache Tomcat/9.0.20
12-Jun-2019 09:11:47.660 INFORMAÇÕES [main] org.apache.catalina.startup.VersionLoggerListener.log Server built:          May 3 2019 22:26:00 UTC
12-Jun-2019 09:11:47.661 INFORMAÇÕES [main] org.apache.catalina.startup.VersionLoggerListener.log Server version number: 9.0.20.0
12-Jun-2019 09:11:47.661 INFORMAÇÕES [main] org.apache.catalina.startup.VersionLoggerListener.log OS Name:               Linux
12-Jun-2019 09:11:47.661 INFORMAÇÕES [main] org.apache.catalina.startup.VersionLoggerListener.log OS Version:            4.18.0-21-generic
12-Jun-2019 09:11:47.661 INFORMAÇÕES [main] org.apache.catalina.startup.VersionLoggerListener.log Architecture:          amd64
12-Jun-2019 09:11:47.661 INFORMAÇÕES [main] org.apache.catalina.startup.VersionLoggerListener.log Java Home:             /home/marcelo/jdk1.8.0_111/jre
12-Jun-2019 09:11:47.661 INFORMAÇÕES [main] org.apache.catalina.startup.VersionLoggerListener.log JVM Version:           1.8.0_111-b14
12-Jun-2019 09:11:47.662 INFORMAÇÕES [main] org.apache.catalina.startup.VersionLoggerListener.log JVM Vendor:            Oracle Corporation
12-Jun-2019 09:11:47.662 INFORMAÇÕES [main] org.apache.catalina.startup.VersionLoggerListener.log CATALINA_BASE:         /home/marcelo/Área de Trabalho/Tommcat/apache-tomcat-9.0.20
12-Jun-2019 09:11:47.662 INFORMAÇÕES [main] org.apache.catalina.startup.VersionLoggerListener.log CATALINA_HOME:         /home/marcelo/Área de Trabalho/Tommcat/apache-tomcat-9.0.20
12-Jun-2019 09:11:47.672 INFORMAÇÕES [main] org.apache.catalina.startup.VersionLoggerListener.log Command line argument: -Djava.util.logging.config.file=/home/marcelo/Área de Trabalho/Tommcat/apache-tomcat-9.0.20/conf/logging.properties
12-Jun-2019 09:11:47.673 INFORMAÇÕES [main] org.apache.catalina.startup.VersionLoggerListener.log Command line argument: -Djava.util.logging.manager=org.apache.juli.ClassLoaderLogManager
12-Jun-2019 09:11:47.673 INFORMAÇÕES [main] org.apache.catalina.startup.VersionLoggerListener.log Command line argument: -Dhttp.nonProxyHosts=localhost|127.0.0.1|marcelo
12-Jun-2019 09:11:47.673 INFORMAÇÕES [main] org.apache.catalina.startup.VersionLoggerListener.log Command line argument: -Djdk.tls.ephemeralDHKeySize=2048
12-Jun-2019 09:11:47.673 INFORMAÇÕES [main] org.apache.catalina.startup.VersionLoggerListener.log Command line argument: -Djava.protocol.handler.pkgs=org.apache.catalina.webresources
12-Jun-2019 09:11:47.673 INFORMAÇÕES [main] org.apache.catalina.startup.VersionLoggerListener.log Command line argument: -Dorg.apache.catalina.security.SecurityListener.UMASK=0027
12-Jun-2019 09:11:47.674 INFORMAÇÕES [main] org.apache.catalina.startup.VersionLoggerListener.log Command line argument: -Dignore.endorsed.dirs=
12-Jun-2019 09:11:47.674 INFORMAÇÕES [main] org.apache.catalina.startup.VersionLoggerListener.log Command line argument: -Dcatalina.base=/home/marcelo/Área de Trabalho/Tommcat/apache-tomcat-9.0.20
12-Jun-2019 09:11:47.674 INFORMAÇÕES [main] org.apache.catalina.startup.VersionLoggerListener.log Command line argument: -Dcatalina.home=/home/marcelo/Área de Trabalho/Tommcat/apache-tomcat-9.0.20
12-Jun-2019 09:11:47.674 INFORMAÇÕES [main] org.apache.catalina.startup.VersionLoggerListener.log Command line argument: -Djava.io.tmpdir=/home/marcelo/Área de Trabalho/Tommcat/apache-tomcat-9.0.20/temp
12-Jun-2019 09:11:47.676 INFORMAÇÕES [main] org.apache.catalina.core.AprLifecycleListener.lifecycleEvent The APR based Apache Tomcat Native library which allows optimal performance in production environments was not found on the java.library.path: [/home/marcelo/jdk1.8.0_111/jre/lib/amd64:/home/marcelo/jdk1.8.0_111/jre/lib/i386::/usr/java/packages/lib/amd64:/usr/lib64:/lib64:/lib:/usr/lib]
12-Jun-2019 09:11:48.281 INFORMAÇÕES [main] org.apache.coyote.AbstractProtocol.init Initializing ProtocolHandler ["http-nio-8080"]
12-Jun-2019 09:11:48.319 INFORMAÇÕES [main] org.apache.coyote.AbstractProtocol.init Initializing ProtocolHandler ["ajp-nio-8009"]
12-Jun-2019 09:11:48.330 INFORMAÇÕES [main] org.apache.catalina.startup.Catalina.load Server initialization in [1.384] milliseconds
12-Jun-2019 09:11:48.405 INFORMAÇÕES [main] org.apache.catalina.core.StandardService.startInternal Starting service [Catalina]
12-Jun-2019 09:11:48.405 INFORMAÇÕES [main] org.apache.catalina.core.StandardEngine.startInternal Starting Servlet engine: [Apache Tomcat/9.0.20]
12-Jun-2019 09:11:48.415 INFORMAÇÕES [main] org.apache.catalina.startup.HostConfig.deployDescriptor Deploying deployment descriptor [/home/marcelo/Área de Trabalho/Tommcat/apache-tomcat-9.0.20/conf/Catalina/localhost/AutopecasServelet.xml]
12-Jun-2019 09:11:48.437 ADVERTÊNCIA [main] org.apache.catalina.startup.HostConfig.deployDescriptor The path attribute with value [/AutopecasServelet] in deployment descriptor [/home/marcelo/Área de Trabalho/Tommcat/apache-tomcat-9.0.20/conf/Catalina/localhost/AutopecasServelet.xml] has been ignored
12-Jun-2019 09:11:48.968 INFORMAÇÕES [main] org.apache.catalina.startup.HostConfig.deployDescriptor Deployment of deployment descriptor [/home/marcelo/Área de Trabalho/Tommcat/apache-tomcat-9.0.20/conf/Catalina/localhost/AutopecasServelet.xml] has finished in [553] ms
12-Jun-2019 09:11:48.968 INFORMAÇÕES [main] org.apache.catalina.startup.HostConfig.deployDescriptor Deploying deployment descriptor [/home/marcelo/Área de Trabalho/Tommcat/apache-tomcat-9.0.20/conf/Catalina/localhost/ServletHTML.xml]
12-Jun-2019 09:11:48.969 ADVERTÊNCIA [main] org.apache.catalina.startup.HostConfig.deployDescriptor The path attribute with value [/ServletHTML] in deployment descriptor [/home/marcelo/Área de Trabalho/Tommcat/apache-tomcat-9.0.20/conf/Catalina/localhost/ServletHTML.xml] has been ignored
12-Jun-2019 09:11:49.042 INFORMAÇÕES [main] org.apache.jasper.servlet.TldScanner.scanJars At least one JAR was scanned for TLDs yet contained no TLDs. Enable debug logging for this logger for a complete list of JARs that were scanned but no TLDs were found in them. Skipping unneeded JARs during scanning can improve startup time and JSP compilation time.
12-Jun-2019 09:11:49.045 INFORMAÇÕES [main] org.apache.catalina.startup.HostConfig.deployDescriptor Deployment of deployment descriptor [/home/marcelo/Área de Trabalho/Tommcat/apache-tomcat-9.0.20/conf/Catalina/localhost/ServletHTML.xml] has finished in [77] ms
12-Jun-2019 09:11:49.046 INFORMAÇÕES [main] org.apache.catalina.startup.HostConfig.deployDescriptor Deploying deployment descriptor [/home/marcelo/Área de Trabalho/Tommcat/apache-tomcat-9.0.20/conf/Catalina/localhost/WebApplication.xml]
12-Jun-2019 09:11:49.047 ADVERTÊNCIA [main] org.apache.catalina.startup.HostConfig.deployDescriptor The path attribute with value [/WebApplication] in deployment descriptor [/home/marcelo/Área de Trabalho/Tommcat/apache-tomcat-9.0.20/conf/Catalina/localhost/WebApplication.xml] has been ignored
12-Jun-2019 09:11:49.053 GRAVE [main] org.apache.catalina.startup.HostConfig.deployDescriptor Error deploying deployment descriptor [/home/marcelo/Área de Trabalho/Tommcat/apache-tomcat-9.0.20/conf/Catalina/localhost/WebApplication.xml]
	java.lang.IllegalStateException: Error starting child
		at org.apache.catalina.core.ContainerBase.addChildInternal(ContainerBase.java:716)
		at org.apache.catalina.core.ContainerBase.addChild(ContainerBase.java:690)
		at org.apache.catalina.core.StandardHost.addChild(StandardHost.java:705)
		at org.apache.catalina.startup.HostConfig.deployDescriptor(HostConfig.java:631)
		at org.apache.catalina.startup.HostConfig$DeployDescriptor.run(HostConfig.java:1831)
		at java.util.concurrent.Executors$RunnableAdapter.call(Executors.java:511)
		at java.util.concurrent.FutureTask.run(FutureTask.java:266)
		at org.apache.tomcat.util.threads.InlineExecutorService.execute(InlineExecutorService.java:75)
		at java.util.concurrent.AbstractExecutorService.submit(AbstractExecutorService.java:112)
		at org.apache.catalina.startup.HostConfig.deployDescriptors(HostConfig.java:526)
		at org.apache.catalina.startup.HostConfig.deployApps(HostConfig.java:425)
		at org.apache.catalina.startup.HostConfig.start(HostConfig.java:1576)
		at org.apache.catalina.startup.HostConfig.lifecycleEvent(HostConfig.java:309)
		at org.apache.catalina.util.LifecycleBase.fireLifecycleEvent(LifecycleBase.java:123)
		at org.apache.catalina.util.LifecycleBase.setStateInternal(LifecycleBase.java:423)
		at org.apache.catalina.util.LifecycleBase.setState(LifecycleBase.java:366)
		at org.apache.catalina.core.ContainerBase.startInternal(ContainerBase.java:929)
		at org.apache.catalina.core.StandardHost.startInternal(StandardHost.java:841)
		at org.apache.catalina.util.LifecycleBase.start(LifecycleBase.java:183)
		at org.apache.catalina.core.ContainerBase$StartChild.call(ContainerBase.java:1377)
		at org.apache.catalina.core.ContainerBase$StartChild.call(ContainerBase.java:1367)
		at java.util.concurrent.FutureTask.run(FutureTask.java:266)
		at org.apache.tomcat.util.threads.InlineExecutorService.execute(InlineExecutorService.java:75)
		at java.util.concurrent.AbstractExecutorService.submit(AbstractExecutorService.java:134)
		at org.apache.catalina.core.ContainerBase.startInternal(ContainerBase.java:902)
		at org.apache.catalina.core.StandardEngine.startInternal(StandardEngine.java:262)
		at org.apache.catalina.util.LifecycleBase.start(LifecycleBase.java:183)
		at org.apache.catalina.core.StandardService.startInternal(StandardService.java:421)
		at org.apache.catalina.util.LifecycleBase.start(LifecycleBase.java:183)
		at org.apache.catalina.core.StandardServer.startInternal(StandardServer.java:932)
		at org.apache.catalina.util.LifecycleBase.start(LifecycleBase.java:183)
		at org.apache.catalina.startup.Catalina.start(Catalina.java:633)
		at sun.reflect.NativeMethodAccessorImpl.invoke0(Native Method)
		at sun.reflect.NativeMethodAccessorImpl.invoke(NativeMethodAccessorImpl.java:62)
		at sun.reflect.DelegatingMethodAccessorImpl.invoke(DelegatingMethodAccessorImpl.java:43)
		at java.lang.reflect.Method.invoke(Method.java:498)
		at org.apache.catalina.startup.Bootstrap.start(Bootstrap.java:344)
		at org.apache.catalina.startup.Bootstrap.main(Bootstrap.java:475)
	Caused by: org.apache.catalina.LifecycleException: Failed to start component [org.apache.catalina.webresources.StandardRoot@6fe7aac8]
		at org.apache.catalina.util.LifecycleBase.handleSubClassException(LifecycleBase.java:440)
		at org.apache.catalina.util.LifecycleBase.start(LifecycleBase.java:198)
		at org.apache.catalina.core.StandardContext.resourcesStart(StandardContext.java:4797)
		at org.apache.catalina.core.StandardContext.startInternal(StandardContext.java:4932)
		at org.apache.catalina.util.LifecycleBase.start(LifecycleBase.java:183)
		at org.apache.catalina.core.ContainerBase.addChildInternal(ContainerBase.java:713)
		... 37 more
	Caused by: java.lang.IllegalArgumentException: The main resource set specified [/home/marcelo/NetBeansProjects/WebApplication/build/web] is not valid
		at org.apache.catalina.webresources.StandardRoot.createMainResourceSet(StandardRoot.java:749)
		at org.apache.catalina.webresources.StandardRoot.startInternal(StandardRoot.java:706)
		at org.apache.catalina.util.LifecycleBase.start(LifecycleBase.java:183)
		... 41 more
12-Jun-2019 09:11:49.055 INFORMAÇÕES [main] org.apache.catalina.startup.HostConfig.deployDescriptor Deployment of deployment descriptor [/home/marcelo/Área de Trabalho/Tommcat/apache-tomcat-9.0.20/conf/Catalina/localhost/WebApplication.xml] has finished in [10] ms
12-Jun-2019 09:11:49.056 INFORMAÇÕES [main] org.apache.catalina.startup.HostConfig.deployDirectory Diretório de instalação da aplicação web [/home/marcelo/Área de Trabalho/Tommcat/apache-tomcat-9.0.20/webapps/host-manager]
12-Jun-2019 09:11:49.105 INFORMAÇÕES [main] org.apache.catalina.startup.HostConfig.deployDirectory Deployment of web application directory [/home/marcelo/Área de Trabalho/Tommcat/apache-tomcat-9.0.20/webapps/host-manager] has finished in [48] ms
12-Jun-2019 09:11:49.105 INFORMAÇÕES [main] org.apache.catalina.startup.HostConfig.deployDirectory Diretório de instalação da aplicação web [/home/marcelo/Área de Trabalho/Tommcat/apache-tomcat-9.0.20/webapps/manager]
12-Jun-2019 09:11:49.217 INFORMAÇÕES [main] org.apache.catalina.startup.HostConfig.deployDirectory Deployment of web application directory [/home/marcelo/Área de Trabalho/Tommcat/apache-tomcat-9.0.20/webapps/manager] has finished in [112] ms
12-Jun-2019 09:11:49.218 INFORMAÇÕES [main] org.apache.catalina.startup.HostConfig.deployDirectory Diretório de instalação da aplicação web [/home/marcelo/Área de Trabalho/Tommcat/apache-tomcat-9.0.20/webapps/examples]
12-Jun-2019 09:11:49.742 INFORMAÇÕES [main] org.apache.catalina.startup.HostConfig.deployDirectory Deployment of web application directory [/home/marcelo/Área de Trabalho/Tommcat/apache-tomcat-9.0.20/webapps/examples] has finished in [525] ms
12-Jun-2019 09:11:49.742 INFORMAÇÕES [main] org.apache.catalina.startup.HostConfig.deployDirectory Diretório de instalação da aplicação web [/home/marcelo/Área de Trabalho/Tommcat/apache-tomcat-9.0.20/webapps/docs]
12-Jun-2019 09:11:49.774 INFORMAÇÕES [main] org.apache.catalina.startup.HostConfig.deployDirectory Deployment of web application directory [/home/marcelo/Área de Trabalho/Tommcat/apache-tomcat-9.0.20/webapps/docs] has finished in [32] ms
12-Jun-2019 09:11:49.775 INFORMAÇÕES [main] org.apache.catalina.startup.HostConfig.deployDirectory Diretório de instalação da aplicação web [/home/marcelo/Área de Trabalho/Tommcat/apache-tomcat-9.0.20/webapps/ROOT]
12-Jun-2019 09:11:49.812 INFORMAÇÕES [main] org.apache.catalina.startup.HostConfig.deployDirectory Deployment of web application directory [/home/marcelo/Área de Trabalho/Tommcat/apache-tomcat-9.0.20/webapps/ROOT] has finished in [38] ms
12-Jun-2019 09:11:49.820 INFORMAÇÕES [main] org.apache.coyote.AbstractProtocol.start Starting ProtocolHandler ["http-nio-8080"]
12-Jun-2019 09:11:49.858 INFORMAÇÕES [main] org.apache.coyote.AbstractProtocol.start Starting ProtocolHandler ["ajp-nio-8009"]
12-Jun-2019 09:11:49.886 INFORMAÇÕES [main] org.apache.catalina.startup.Catalina.start Server startup in [1.555] milliseconds
12-Jun-2019 09:11:54.658 INFORMAÇÕES [http-nio-8080-exec-7] org.apache.catalina.core.StandardContext.reload Reloading Context with name [/AutopecasServelet] has started
12-Jun-2019 09:11:54.749 INFORMAÇÕES [http-nio-8080-exec-7] org.apache.catalina.core.StandardContext.reload Reloading Context with name [/AutopecasServelet] is completed
12-Jun-2019 09:13:37.790 INFORMAÇÕES [http-nio-8080-exec-16] org.apache.catalina.core.StandardContext.reload Reloading Context with name [/AutopecasServelet] has started
12-Jun-2019 09:13:37.831 INFORMAÇÕES [http-nio-8080-exec-16] org.apache.catalina.core.StandardContext.reload Reloading Context with name [/AutopecasServelet] is completed
12-Jun-2019 09:13:44.179 INFORMAÇÕES [http-nio-8080-exec-14] org.apache.catalina.core.StandardContext.reload Reloading Context with name [/AutopecasServelet] has started
12-Jun-2019 09:13:44.228 INFORMAÇÕES [http-nio-8080-exec-14] org.apache.catalina.core.StandardContext.reload Reloading Context with name [/AutopecasServelet] is completed
12-Jun-2019 09:13:47.716 INFORMAÇÕES [http-nio-8080-exec-13] org.apache.catalina.core.StandardContext.reload Reloading Context with name [/AutopecasServelet] has started
12-Jun-2019 09:13:47.756 INFORMAÇÕES [http-nio-8080-exec-13] org.apache.catalina.core.StandardContext.reload Reloading Context with name [/AutopecasServelet] is completed
12-Jun-2019 09:14:02.777 INFORMAÇÕES [http-nio-8080-exec-13] org.apache.catalina.core.StandardContext.reload Reloading Context with name [/AutopecasServelet] has started
12-Jun-2019 09:14:02.806 INFORMAÇÕES [http-nio-8080-exec-13] org.apache.catalina.core.StandardContext.reload Reloading Context with name [/AutopecasServelet] is completed
12-Jun-2019 09:14:13.433 INFORMAÇÕES [http-nio-8080-exec-22] org.apache.catalina.core.StandardContext.reload Reloading Context with name [/AutopecasServelet] has started
12-Jun-2019 09:14:13.479 INFORMAÇÕES [http-nio-8080-exec-22] org.apache.catalina.core.StandardContext.reload Reloading Context with name [/AutopecasServelet] is completed
12-Jun-2019 09:14:14.508 INFORMAÇÕES [http-nio-8080-exec-23] org.apache.catalina.core.StandardContext.reload Reloading Context with name [/AutopecasServelet] has started
12-Jun-2019 09:14:14.551 INFORMAÇÕES [http-nio-8080-exec-23] org.apache.catalina.core.StandardContext.reload Reloading Context with name [/AutopecasServelet] is completed
12-Jun-2019 09:15:31.630 INFORMAÇÕES [http-nio-8080-exec-17] org.apache.catalina.core.StandardContext.reload Reloading Context with name [/AutopecasServelet] has started
12-Jun-2019 09:15:31.667 INFORMAÇÕES [http-nio-8080-exec-17] org.apache.catalina.core.StandardContext.reload Reloading Context with name [/AutopecasServelet] is completed
12-Jun-2019 09:18:29.301 INFORMAÇÕES [http-nio-8080-exec-27] org.apache.catalina.core.StandardContext.reload Reloading Context with name [/AutopecasServelet] has started
12-Jun-2019 09:18:29.347 INFORMAÇÕES [http-nio-8080-exec-27] org.apache.catalina.core.StandardContext.reload Reloading Context with name [/AutopecasServelet] is completed
12-Jun-2019 09:19:37.554 INFORMAÇÕES [http-nio-8080-exec-17] org.apache.catalina.core.StandardContext.reload Reloading Context with name [/AutopecasServelet] has started
12-Jun-2019 09:19:37.606 INFORMAÇÕES [http-nio-8080-exec-17] org.apache.catalina.core.StandardContext.reload Reloading Context with name [/AutopecasServelet] is completed
12-Jun-2019 09:21:41.609 INFORMAÇÕES [http-nio-8080-exec-32] org.apache.catalina.core.StandardContext.reload Reloading Context with name [/AutopecasServelet] has started
12-Jun-2019 09:21:41.642 INFORMAÇÕES [http-nio-8080-exec-32] org.apache.catalina.core.StandardContext.reload Reloading Context with name [/AutopecasServelet] is completed
12-Jun-2019 09:22:15.789 INFORMAÇÕES [http-nio-8080-exec-42] org.apache.catalina.core.StandardContext.reload Reloading Context with name [/AutopecasServelet] has started
12-Jun-2019 09:22:15.910 INFORMAÇÕES [http-nio-8080-exec-42] org.apache.catalina.core.StandardContext.reload Reloading Context with name [/AutopecasServelet] is completed
12-Jun-2019 09:25:17.324 INFORMAÇÕES [http-nio-8080-exec-51] org.apache.catalina.core.StandardContext.reload Reloading Context with name [/AutopecasServelet] has started
12-Jun-2019 09:25:17.370 INFORMAÇÕES [http-nio-8080-exec-51] org.apache.catalina.core.StandardContext.reload Reloading Context with name [/AutopecasServelet] is completed
12-Jun-2019 09:26:06.914 INFORMAÇÕES [http-nio-8080-exec-50] org.apache.catalina.core.StandardContext.reload Reloading Context with name [/AutopecasServelet] has started
12-Jun-2019 09:26:06.956 INFORMAÇÕES [http-nio-8080-exec-50] org.apache.catalina.core.StandardContext.reload Reloading Context with name [/AutopecasServelet] is completed
12-Jun-2019 09:26:09.462 INFORMAÇÕES [http-nio-8080-exec-56] org.apache.catalina.core.StandardContext.reload Reloading Context with name [/AutopecasServelet] has started
12-Jun-2019 09:26:09.501 INFORMAÇÕES [http-nio-8080-exec-56] org.apache.catalina.core.StandardContext.reload Reloading Context with name [/AutopecasServelet] is completed
12-Jun-2019 09:33:37.958 INFORMAÇÕES [http-nio-8080-exec-58] org.apache.catalina.core.StandardContext.reload Reloading Context with name [/AutopecasServelet] has started
12-Jun-2019 09:33:37.988 INFORMAÇÕES [http-nio-8080-exec-58] org.apache.catalina.core.StandardContext.reload Reloading Context with name [/AutopecasServelet] is completed
12-Jun-2019 09:33:57.356 INFORMAÇÕES [http-nio-8080-exec-57] org.apache.catalina.core.StandardContext.reload Reloading Context with name [/AutopecasServelet] has started
12-Jun-2019 09:33:57.393 INFORMAÇÕES [http-nio-8080-exec-57] org.apache.catalina.core.StandardContext.reload Reloading Context with name [/AutopecasServelet] is completed
12-Jun-2019 09:34:06.323 INFORMAÇÕES [Thread-5] org.apache.coyote.AbstractProtocol.pause Pausing ProtocolHandler ["http-nio-8080"]
12-Jun-2019 09:34:06.382 INFORMAÇÕES [Thread-5] org.apache.coyote.AbstractProtocol.pause Pausing ProtocolHandler ["ajp-nio-8009"]
12-Jun-2019 09:34:06.396 INFORMAÇÕES [Thread-5] org.apache.catalina.core.StandardService.stopInternal Stopping service [Catalina]
12-Jun-2019 09:34:06.462 INFORMAÇÕES [Thread-5] org.apache.coyote.AbstractProtocol.stop Stopping ProtocolHandler ["http-nio-8080"]
12-Jun-2019 09:34:06.472 INFORMAÇÕES [Thread-5] org.apache.coyote.AbstractProtocol.stop Stopping ProtocolHandler ["ajp-nio-8009"]
12-Jun-2019 09:34:06.475 INFORMAÇÕES [Thread-5] org.apache.coyote.AbstractProtocol.destroy Destroying ProtocolHandler ["http-nio-8080"]
12-Jun-2019 09:34:06.476 INFORMAÇÕES [Thread-5] org.apache.coyote.AbstractProtocol.destroy Destroying ProtocolHandler ["ajp-nio-8009"]
