06-Jun-2019 10:39:52.231 INFORMAÇÕES [main] org.apache.catalina.core.ApplicationContext.log ContextListener: contextInitialized()
06-Jun-2019 10:39:52.231 INFORMAÇÕES [main] org.apache.catalina.core.ApplicationContext.log SessionListener: contextInitialized()
06-Jun-2019 10:39:52.241 INFORMAÇÕES [main] org.apache.catalina.core.ApplicationContext.log ContextListener: attributeAdded('StockTicker', 'async.Stockticker@7b02881e')
06-Jun-2019 10:48:58.644 INFORMAÇÕES [main] org.apache.catalina.core.ApplicationContext.log SessionListener: contextDestroyed()
06-Jun-2019 10:48:58.644 INFORMAÇÕES [main] org.apache.catalina.core.ApplicationContext.log ContextListener: contextDestroyed()
06-Jun-2019 11:01:09.881 INFORMAÇÕES [main] org.apache.catalina.core.ApplicationContext.log ContextListener: contextInitialized()
06-Jun-2019 11:01:09.881 INFORMAÇÕES [main] org.apache.catalina.core.ApplicationContext.log SessionListener: contextInitialized()
06-Jun-2019 11:01:09.883 INFORMAÇÕES [main] org.apache.catalina.core.ApplicationContext.log ContextListener: attributeAdded('StockTicker', 'async.Stockticker@1d8bd0de')
06-Jun-2019 11:01:48.801 INFORMAÇÕES [Thread-5] org.apache.catalina.core.ApplicationContext.log SessionListener: contextDestroyed()
06-Jun-2019 11:01:48.801 INFORMAÇÕES [Thread-5] org.apache.catalina.core.ApplicationContext.log ContextListener: contextDestroyed()
06-Jun-2019 14:03:17.560 INFORMAÇÕES [main] org.apache.catalina.core.ApplicationContext.log ContextListener: contextInitialized()
06-Jun-2019 14:03:17.560 INFORMAÇÕES [main] org.apache.catalina.core.ApplicationContext.log SessionListener: contextInitialized()
06-Jun-2019 14:03:17.562 INFORMAÇÕES [main] org.apache.catalina.core.ApplicationContext.log ContextListener: attributeAdded('StockTicker', 'async.Stockticker@3738449f')
06-Jun-2019 14:15:20.391 INFORMAÇÕES [Thread-5] org.apache.catalina.core.ApplicationContext.log SessionListener: contextDestroyed()
06-Jun-2019 14:15:20.391 INFORMAÇÕES [Thread-5] org.apache.catalina.core.ApplicationContext.log ContextListener: contextDestroyed()
06-Jun-2019 14:16:45.753 INFORMAÇÕES [main] org.apache.catalina.core.ApplicationContext.log ContextListener: contextInitialized()
06-Jun-2019 14:16:45.753 INFORMAÇÕES [main] org.apache.catalina.core.ApplicationContext.log SessionListener: contextInitialized()
06-Jun-2019 14:16:45.755 INFORMAÇÕES [main] org.apache.catalina.core.ApplicationContext.log ContextListener: attributeAdded('StockTicker', 'async.Stockticker@69e1dd28')
06-Jun-2019 14:27:20.623 INFORMAÇÕES [Thread-5] org.apache.catalina.core.ApplicationContext.log SessionListener: contextDestroyed()
06-Jun-2019 14:27:20.623 INFORMAÇÕES [Thread-5] org.apache.catalina.core.ApplicationContext.log ContextListener: contextDestroyed()
06-Jun-2019 14:37:37.261 INFORMAÇÕES [main] org.apache.catalina.core.ApplicationContext.log ContextListener: contextInitialized()
06-Jun-2019 14:37:37.261 INFORMAÇÕES [main] org.apache.catalina.core.ApplicationContext.log SessionListener: contextInitialized()
06-Jun-2019 14:37:37.264 INFORMAÇÕES [main] org.apache.catalina.core.ApplicationContext.log ContextListener: attributeAdded('StockTicker', 'async.Stockticker@69e1dd28')
06-Jun-2019 15:12:47.469 INFORMAÇÕES [main] org.apache.catalina.core.ApplicationContext.log SessionListener: contextDestroyed()
06-Jun-2019 15:12:47.469 INFORMAÇÕES [main] org.apache.catalina.core.ApplicationContext.log ContextListener: contextDestroyed()
